This is pdfTeX, Version 3.141592653-2.6-1.40.24 (MiKTeX 22.1) (preloaded format=pdflatex 2024.3.15)  31 MAR 2024 18:07
entering extended mode
 restricted \write18 enabled.
 %&-line parsing enabled.
**./a1.tex
(a1.tex
LaTeX2e <2023-11-01> patch level 1
L3 programming layer <2024-02-20>

(/Users/bamingyuan/Library/Application Support/MiKTeX/texmfs/install/tex/latex/
base/article.cls
Document Class: article 2023/05/17 v1.4n Standard LaTeX document class

(/Users/bamingyuan/Library/Application Support/MiKTeX/texmfs/install/tex/latex/
base/size10.clo
File: size10.clo 2023/05/17 v1.4n Standard LaTeX file (size option)
)
\c@part=\count188
\c@section=\count189
\c@subsection=\count190
\c@subsubsection=\count191
\c@paragraph=\count192
\c@subparagraph=\count193
\c@figure=\count194
\c@table=\count195
\abovecaptionskip=\skip48
\belowcaptionskip=\skip49
\bibindent=\dimen140
)
(/Users/bamingyuan/Library/Application Support/MiKTeX/texmfs/install/tex/latex/
base/inputenc.sty
Package: inputenc 2021/02/14 v1.3d Input encoding file
\inpenc@prehook=\toks17
\inpenc@posthook=\toks18
)
(/Users/bamingyuan/Library/Application Support/MiKTeX/texmfs/install/tex/latex/
natbib/natbib.sty
Package: natbib 2010/09/13 8.31b (PWD, AO)
\bibhang=\skip50
\bibsep=\skip51
LaTeX Info: Redefining \cite on input line 694.
\c@NAT@ctr=\count196
)
(/Users/bamingyuan/Library/Application Support/MiKTeX/texmfs/install/tex/latex/
hyperref/hyperref.sty
Package: hyperref 2024-01-20 v7.01h Hypertext links for LaTeX

(/Users/bamingyuan/Library/Application Support/MiKTeX/texmfs/install/tex/generi
c/iftex/iftex.sty
Package: iftex 2022/02/03 v1.0f TeX engine tests
)
(/Users/bamingyuan/Library/Application Support/MiKTeX/texmfs/install/tex/latex/
graphics/keyval.sty
Package: keyval 2022/05/29 v1.15 key=value parser (DPC)
\KV@toks@=\toks19
)
(/Users/bamingyuan/Library/Application Support/MiKTeX/texmfs/install/tex/latex/
kvsetkeys/kvsetkeys.sty
Package: kvsetkeys 2022-10-05 v1.19 Key value parser (HO)
)
(/Users/bamingyuan/Library/Application Support/MiKTeX/texmfs/install/tex/generi
c/kvdefinekeys/kvdefinekeys.sty
Package: kvdefinekeys 2019-12-19 v1.6 Define keys (HO)
)
(/Users/bamingyuan/Library/Application Support/MiKTeX/texmfs/install/tex/generi
c/pdfescape/pdfescape.sty
Package: pdfescape 2019/12/09 v1.15 Implements pdfTeX's escape features (HO)

(/Users/bamingyuan/Library/Application Support/MiKTeX/texmfs/install/tex/generi
c/ltxcmds/ltxcmds.sty
Package: ltxcmds 2023-12-04 v1.26 LaTeX kernel commands for general use (HO)
)
(/Users/bamingyuan/Library/Application Support/MiKTeX/texmfs/install/tex/generi
c/pdftexcmds/pdftexcmds.sty
Package: pdftexcmds 2020-06-27 v0.33 Utility functions of pdfTeX for LuaTeX (HO
)

(/Users/bamingyuan/Library/Application Support/MiKTeX/texmfs/install/tex/generi
c/infwarerr/infwarerr.sty
Package: infwarerr 2019/12/03 v1.5 Providing info/warning/error messages (HO)
)
Package pdftexcmds Info: \pdf@primitive is available.
Package pdftexcmds Info: \pdf@ifprimitive is available.
Package pdftexcmds Info: \pdfdraftmode found.
))
(/Users/bamingyuan/Library/Application Support/MiKTeX/texmfs/install/tex/latex/
hycolor/hycolor.sty
Package: hycolor 2020-01-27 v1.10 Color options for hyperref/bookmark (HO)
)
(/Users/bamingyuan/Library/Application Support/MiKTeX/texmfs/install/tex/latex/
auxhook/auxhook.sty
Package: auxhook 2019-12-17 v1.6 Hooks for auxiliary files (HO)
)
(/Users/bamingyuan/Library/Application Support/MiKTeX/texmfs/install/tex/latex/
hyperref/nameref.sty
Package: nameref 2023-11-26 v2.56 Cross-referencing by name of section

(/Users/bamingyuan/Library/Application Support/MiKTeX/texmfs/install/tex/latex/
refcount/refcount.sty
Package: refcount 2019/12/15 v3.6 Data extraction from label references (HO)
)
(/Users/bamingyuan/Library/Application Support/MiKTeX/texmfs/install/tex/generi
c/gettitlestring/gettitlestring.sty
Package: gettitlestring 2019/12/15 v1.6 Cleanup title references (HO)

(/Users/bamingyuan/Library/Application Support/MiKTeX/texmfs/install/tex/latex/
kvoptions/kvoptions.sty
Package: kvoptions 2022-06-15 v3.15 Key value format for package options (HO)
))
\c@section@level=\count197
)
(/Users/bamingyuan/Library/Application Support/MiKTeX/texmfs/install/tex/latex/
etoolbox/etoolbox.sty
Package: etoolbox 2020/10/05 v2.5k e-TeX tools for LaTeX (JAW)
\etb@tempcnta=\count198
)
\@linkdim=\dimen141
\Hy@linkcounter=\count199
\Hy@pagecounter=\count266

(/Users/bamingyuan/Library/Application Support/MiKTeX/texmfs/install/tex/latex/
hyperref/pd1enc.def
File: pd1enc.def 2024-01-20 v7.01h Hyperref: PDFDocEncoding definition (HO)
Now handling font encoding PD1 ...
... no UTF-8 mapping file for font encoding PD1
)
(/Users/bamingyuan/Library/Application Support/MiKTeX/texmfs/install/tex/generi
c/intcalc/intcalc.sty
Package: intcalc 2019/12/15 v1.3 Expandable calculations with integers (HO)
)
\Hy@SavedSpaceFactor=\count267

(/Users/bamingyuan/Library/Application Support/MiKTeX/texmfs/install/tex/latex/
hyperref/puenc.def
File: puenc.def 2024-01-20 v7.01h Hyperref: PDF Unicode definition (HO)
Now handling font encoding PU ...
... no UTF-8 mapping file for font encoding PU
)
Package hyperref Info: Hyper figures OFF on input line 4179.
Package hyperref Info: Link nesting OFF on input line 4184.
Package hyperref Info: Hyper index ON on input line 4187.
Package hyperref Info: Plain pages OFF on input line 4194.
Package hyperref Info: Backreferencing OFF on input line 4199.
Package hyperref Info: Implicit mode ON; LaTeX internals redefined.
Package hyperref Info: Bookmarks ON on input line 4446.
\c@Hy@tempcnt=\count268

(/Users/bamingyuan/Library/Application Support/MiKTeX/texmfs/install/tex/latex/
url/url.sty
\Urlmuskip=\muskip16
Package: url 2013/09/16  ver 3.4  Verb mode for urls, etc.
)
LaTeX Info: Redefining \url on input line 4784.
\XeTeXLinkMargin=\dimen142

(/Users/bamingyuan/Library/Application Support/MiKTeX/texmfs/install/tex/generi
c/bitset/bitset.sty
Package: bitset 2019/12/09 v1.3 Handle bit-vector datatype (HO)

(/Users/bamingyuan/Library/Application Support/MiKTeX/texmfs/install/tex/generi
c/bigintcalc/bigintcalc.sty
Package: bigintcalc 2019/12/15 v1.5 Expandable calculations on big integers (HO
)
))
\Fld@menulength=\count269
\Field@Width=\dimen143
\Fld@charsize=\dimen144
Package hyperref Info: Hyper figures OFF on input line 6063.
Package hyperref Info: Link nesting OFF on input line 6068.
Package hyperref Info: Hyper index ON on input line 6071.
Package hyperref Info: backreferencing OFF on input line 6078.
Package hyperref Info: Link coloring OFF on input line 6083.
Package hyperref Info: Link coloring with OCG OFF on input line 6088.
Package hyperref Info: PDF/A mode OFF on input line 6093.

(/Users/bamingyuan/Library/Application Support/MiKTeX/texmfs/install/tex/latex/
base/atbegshi-ltx.sty
Package: atbegshi-ltx 2021/01/10 v1.0c Emulation of the original atbegshi
package with kernel methods
)
\Hy@abspage=\count270
\c@Item=\count271
\c@Hfootnote=\count272
)
Package hyperref Info: Driver (autodetected): hpdftex.

(/Users/bamingyuan/Library/Application Support/MiKTeX/texmfs/install/tex/latex/
hyperref/hpdftex.def
File: hpdftex.def 2024-01-20 v7.01h Hyperref driver for pdfTeX

(/Users/bamingyuan/Library/Application Support/MiKTeX/texmfs/install/tex/latex/
base/atveryend-ltx.sty
Package: atveryend-ltx 2020/08/19 v1.0a Emulation of the original atveryend pac
kage
with kernel methods
)
\Fld@listcount=\count273
\c@bookmark@seq@number=\count274

(/Users/bamingyuan/Library/Application Support/MiKTeX/texmfs/install/tex/latex/
rerunfilecheck/rerunfilecheck.sty
Package: rerunfilecheck 2022-07-10 v1.10 Rerun checks for auxiliary files (HO)

(/Users/bamingyuan/Library/Application Support/MiKTeX/texmfs/install/tex/generi
c/uniquecounter/uniquecounter.sty
Package: uniquecounter 2019/12/15 v1.4 Provide unlimited unique counter (HO)
)
Package uniquecounter Info: New unique counter `rerunfilecheck' on input line 2
85.
)
\Hy@SectionHShift=\skip52
)
(/Users/bamingyuan/Library/Application Support/MiKTeX/texmfs/install/tex/latex/
listings/listings.sty
\lst@mode=\count275
\lst@gtempboxa=\box51
\lst@token=\toks20
\lst@length=\count276
\lst@currlwidth=\dimen145
\lst@column=\count277
\lst@pos=\count278
\lst@lostspace=\dimen146
\lst@width=\dimen147
\lst@newlines=\count279
\lst@lineno=\count280
\lst@maxwidth=\dimen148

(/Users/bamingyuan/Library/Application Support/MiKTeX/texmfs/install/tex/latex/
listings/lstpatch.sty
File: lstpatch.sty 2024/02/21 1.10 (Carsten Heinz)
)
(/Users/bamingyuan/Library/Application Support/MiKTeX/texmfs/install/tex/latex/
listings/lstmisc.sty
File: lstmisc.sty 2024/02/21 1.10 (Carsten Heinz)
\c@lstnumber=\count281
\lst@skipnumbers=\count282
\lst@framebox=\box52
)
(/Users/bamingyuan/Library/Application Support/MiKTeX/texmfs/install/tex/latex/
listings/listings.cfg
File: listings.cfg 2024/02/21 1.10 listings configuration
))
Package: listings 2024/02/21 1.10 (Carsten Heinz)

(/Users/bamingyuan/Library/Application Support/MiKTeX/texmfs/install/tex/latex/
graphics/graphicx.sty
Package: graphicx 2021/09/16 v1.2d Enhanced LaTeX Graphics (DPC,SPQR)

(/Users/bamingyuan/Library/Application Support/MiKTeX/texmfs/install/tex/latex/
graphics/graphics.sty
Package: graphics 2022/03/10 v1.4e Standard LaTeX Graphics (DPC,SPQR)

(/Users/bamingyuan/Library/Application Support/MiKTeX/texmfs/install/tex/latex/
graphics/trig.sty
Package: trig 2021/08/11 v1.11 sin cos tan (DPC)
)
(/Users/bamingyuan/Library/Application Support/MiKTeX/texmfs/install/tex/latex/
graphics-cfg/graphics.cfg
File: graphics.cfg 2016/06/04 v1.11 sample graphics configuration
)
Package graphics Info: Driver file: pdftex.def on input line 107.

(/Users/bamingyuan/Library/Application Support/MiKTeX/texmfs/install/tex/latex/
graphics-def/pdftex.def
File: pdftex.def 2022/09/22 v1.2b Graphics/color driver for pdftex
))
\Gin@req@height=\dimen149
\Gin@req@width=\dimen150
)
(/Users/bamingyuan/Library/Application Support/MiKTeX/texmfs/install/tex/latex/
base/fontenc.sty
Package: fontenc 2021/04/29 v2.0v Standard LaTeX package
)
(/Users/bamingyuan/Library/Application Support/MiKTeX/texmfs/install/tex/latex/
l3backend/l3backend-pdftex.def
File: l3backend-pdftex.def 2024-02-20 L3 backend support: PDF output (pdfTeX)
\l__color_backend_stack_int=\count283
\l__pdf_internal_box=\box53
) (a1.aux)
\openout1 = `a1.aux'.

LaTeX Font Info:    Checking defaults for OML/cmm/m/it on input line 8.
LaTeX Font Info:    ... okay on input line 8.
LaTeX Font Info:    Checking defaults for OMS/cmsy/m/n on input line 8.
LaTeX Font Info:    ... okay on input line 8.
LaTeX Font Info:    Checking defaults for OT1/cmr/m/n on input line 8.
LaTeX Font Info:    ... okay on input line 8.
LaTeX Font Info:    Checking defaults for T1/cmr/m/n on input line 8.
LaTeX Font Info:    ... okay on input line 8.
LaTeX Font Info:    Checking defaults for TS1/cmr/m/n on input line 8.
LaTeX Font Info:    ... okay on input line 8.
LaTeX Font Info:    Checking defaults for OMX/cmex/m/n on input line 8.
LaTeX Font Info:    ... okay on input line 8.
LaTeX Font Info:    Checking defaults for U/cmr/m/n on input line 8.
LaTeX Font Info:    ... okay on input line 8.
LaTeX Font Info:    Checking defaults for PD1/pdf/m/n on input line 8.
LaTeX Font Info:    ... okay on input line 8.
LaTeX Font Info:    Checking defaults for PU/pdf/m/n on input line 8.
LaTeX Font Info:    ... okay on input line 8.
Package hyperref Info: Link coloring OFF on input line 8.
 (a1.out) (a1.out)
\@outlinefile=\write3
\openout3 = `a1.out'.

\c@lstlisting=\count284

(/Users/bamingyuan/Library/Application Support/MiKTeX/texmfs/install/tex/contex
t/base/mkii/supp-pdf.mkii
[Loading MPS to PDF converter (version 2006.09.02).]
\scratchcounter=\count285
\scratchdimen=\dimen151
\scratchbox=\box54
\nofMPsegments=\count286
\nofMParguments=\count287
\everyMPshowfont=\toks21
\MPscratchCnt=\count288
\MPscratchDim=\dimen152
\MPnumerator=\count289
\makeMPintoPDFobject=\count290
\everyMPtoPDFconversion=\toks22
)
(/Users/bamingyuan/Library/Application Support/MiKTeX/texmfs/install/tex/latex/
epstopdf-pkg/epstopdf-base.sty
Package: epstopdf-base 2020-01-24 v2.11 Base part for package epstopdf

(/Users/bamingyuan/Library/Application Support/MiKTeX/texmfs/install/tex/latex/
grfext/grfext.sty
Package: grfext 2019/12/03 v1.3 Manage graphics extensions (HO)
)
Package epstopdf-base Info: Redefining graphics rule for `.eps' on input line 4
85.
Package grfext Info: Graphics extension search list:
(grfext)             [.pdf,.png,.jpg,.mps,.jpeg,.jbig2,.jb2,.PDF,.PNG,.JPG,.JPE
G,.JBIG2,.JB2,.eps]
(grfext)             \AppendGraphicsExtensions on input line 504.

(/Users/bamingyuan/Library/Application Support/MiKTeX/texmfs/install/tex/latex/
00miktex/epstopdf-sys.cfg
File: epstopdf-sys.cfg 2021/03/18 v2.0 Configuration of epstopdf for MiKTeX
))
LaTeX Font Info:    External font `cmex10' loaded for size
(Font)              <12> on input line 14.
LaTeX Font Info:    External font `cmex10' loaded for size
(Font)              <8> on input line 14.
LaTeX Font Info:    External font `cmex10' loaded for size
(Font)              <6> on input line 14.

Overfull \hbox (8.55481pt too wide) in paragraph at lines 23--24
\T1/cmr/m/n/10 dur-ing transmission[[]]. It can be im-ple-mented by us-ing hash
 function[[]]
 []

[1

{/Users/bamingyuan/Library/Application Support/MiKTeX/texmfs/data/fonts/map/pdf
tex/pdftex.map}]
Underfull \hbox (badness 10000) in paragraph at lines 38--41

 []


Underfull \hbox (badness 10000) in paragraph at lines 42--45

 []


Underfull \hbox (badness 10000) in paragraph at lines 52--53

 []

[2]
<graphs/Stream_cipher.jpg, id=101, 583.17876pt x 1080.035pt>
File: graphs/Stream_cipher.jpg Graphic file (type jpg)
<use graphs/Stream_cipher.jpg>
Package pdftex.def Info: graphs/Stream_cipher.jpg  used on input line 60.
(pdftex.def)             Requested size: 103.50105pt x 191.67871pt.
<graphs/Stream_cipher_process.png, id=104, 702.625pt x 437.635pt>
File: graphs/Stream_cipher_process.png Graphic file (type png)
<use graphs/Stream_cipher_process.png>
Package pdftex.def Info: graphs/Stream_cipher_process.png  used on input line 6
9.
(pdftex.def)             Requested size: 207.0021pt x 128.93425pt.
 [3 <./graphs/Stream_cipher.jpg> <./graphs/Stream_cipher_process.png>]
(/Users/bamingyuan/Library/Application Support/MiKTeX/texmfs/install/tex/latex/
listings/lstlang1.sty
File: lstlang1.sty 2024/02/21 1.10 listings language file
)
Overfull \hbox (10.41687pt too wide) in paragraph at lines 100--101
[]\T1/cmr/m/n/10 The short-com-ings of hash are the col-li-sion re-sis-tance an
d pre-image attacks[[]].It
 []


Underfull \hbox (badness 10000) in paragraph at lines 109--110

 []


Underfull \hbox (badness 10000) in paragraph at lines 109--110

 []

[4]
Overfull \hbox (14.91486pt too wide) in paragraph at lines 130--132
[][][][][][][][][][][][][][][][][][] 
 []


Overfull \hbox (170.87796pt too wide) in paragraph at lines 132--133
[][][][][][][][][][][][] 
 []

LaTeX Font Info:    External font `cmex10' loaded for size
(Font)              <7> on input line 147.
LaTeX Font Info:    External font `cmex10' loaded for size
(Font)              <5> on input line 147.
[5]
Overfull \hbox (15.95114pt too wide) in paragraph at lines 170--171
\T1/cmr/m/n/10 al-low for quick iden-tity ver-i-fi-ca-tion through sim-ple body
 move-ment,which
 []

[6] [7] [8] (a1.bbl
LaTeX Font Info:    Trying to load font information for T1+cmtt on input line 1
6.

(/Users/bamingyuan/Library/Application Support/MiKTeX/texmfs/install/tex/latex/
base/t1cmtt.fd
File: t1cmtt.fd 2023/04/13 v2.5m Standard LaTeX font definitions
)
Overfull \hbox (86.20306pt too wide) in paragraph at lines 12--19
\T1/cmtt/m/n/10 how-[]to-[]set-[]up-[]a-[]web-[]server-[]with-[]high-[]availabi
lity-[]using-[]server-[]load-[]balancer _
 []


Underfull \hbox (badness 2142) in paragraph at lines 27--33
[]\T1/cmr/m/n/10 Okta.  Stream ci-pher.  []$\T1/cmtt/m/n/10 https : / / www . o
kta . com / au / identity-[]101 /
 []


Underfull \hbox (badness 10000) in paragraph at lines 27--33
\T1/cmtt/m/n/10 stream-[]cipher / # : ~ : text = A % 20stream % 20cipher % 20is
 % 20an ,[] both %
 []

[9]) [10] (a1.aux)
 ***********
LaTeX2e <2023-11-01> patch level 1
L3 programming layer <2024-02-20>
 ***********
Package rerunfilecheck Info: File `a1.out' has not changed.
(rerunfilecheck)             Checksum: 7F23FF204A317978A63CB65653D46715;999.
 ) 
Here is how much of TeX's memory you used:
 10949 strings out of 474436
 169636 string characters out of 5731134
 1944187 words of memory out of 5000000
 33077 multiletter control sequences out of 15000+600000
 568607 words of font info for 57 fonts, out of 8000000 for 9000
 1141 hyphenation exceptions out of 8191
 75i,6n,79p,539b,1217s stack positions out of 10000i,1000n,20000p,200000b,200000s
 </Users/bamingyuan/Library/Application Support/MiKTeX/texmfs/data/fonts/pk/l
jfour/jknappen/ec/dpi600/ectt1000.pk> </Users/bamingyuan/Library/Application Su
pport/MiKTeX/texmfs/data/fonts/pk/ljfour/jknappen/ec/dpi600/tcti1000.pk> </User
s/bamingyuan/Library/Application Support/MiKTeX/texmfs/data/fonts/pk/ljfour/jkn
appen/ec/dpi600/ecbi1000.pk> </Users/bamingyuan/Library/Application Support/MiK
TeX/texmfs/data/fonts/pk/ljfour/jknappen/ec/dpi600/ecti1000.pk> </Users/bamingy
uan/Library/Application Support/MiKTeX/texmfs/data/fonts/pk/ljfour/jknappen/ec/
dpi600/ecbx1000.pk> </Users/bamingyuan/Library/Application Support/MiKTeX/texmf
s/data/fonts/pk/ljfour/jknappen/ec/dpi600/tcrm1000.pk> </Users/bamingyuan/Libra
ry/Application Support/MiKTeX/texmfs/data/fonts/pk/ljfour/jknappen/ec/dpi600/ec
rm1000.pk> </Users/bamingyuan/Library/Application Support/MiKTeX/texmfs/data/fo
nts/pk/ljfour/jknappen/ec/dpi600/ecbx1200.pk> </Users/bamingyuan/Library/Applic
ation Support/MiKTeX/texmfs/data/fonts/pk/ljfour/jknappen/ec/dpi600/ecbx1440.pk
> </Users/bamingyuan/Library/Application Support/MiKTeX/texmfs/data/fonts/pk/lj
four/jknappen/ec/dpi600/ecrm1200.pk> </Users/bamingyuan/Library/Application Sup
port/MiKTeX/texmfs/data/fonts/pk/ljfour/jknappen/ec/dpi600/ecrm1728.pk></Users/
bamingyuan/Library/Application Support/MiKTeX/texmfs/install/fonts/type1/public
/amsfonts/cm/cmr10.pfb></Users/bamingyuan/Library/Application Support/MiKTeX/te
xmfs/install/fonts/type1/public/amsfonts/cm/cmr7.pfb></Users/bamingyuan/Library
/Application Support/MiKTeX/texmfs/install/fonts/type1/public/amsfonts/cm/cmsy1
0.pfb>
Output written on a1.pdf (10 pages, 482597 bytes).
PDF statistics:
 615 PDF objects out of 1000 (max. 8388607)
 95 named destinations out of 1000 (max. 500000)
 131 words of extra memory for PDF output out of 10000 (max. 10000000)

