This is pdfTeX, Version 3.141592653-2.6-1.40.24 (MiKTeX 22.1) (preloaded format=pdflatex 2023.10.31)  20 FEB 2024 09:55
entering extended mode
 restricted \write18 enabled.
 %&-line parsing enabled.
**./Notes.tex
(Notes.tex
LaTeX2e <2023-06-01> patch level 1
L3 programming layer <2023-10-23>

(/Users/bamingyuan/Library/Application Support/MiKTeX/texmfs/install/tex/latex/
base/article.cls
Document Class: article 2023/05/17 v1.4n Standard LaTeX document class

(/Users/bamingyuan/Library/Application Support/MiKTeX/texmfs/install/tex/latex/
base/size10.clo
File: size10.clo 2023/05/17 v1.4n Standard LaTeX file (size option)
)
\c@part=\count186
\c@section=\count187
\c@subsection=\count188
\c@subsubsection=\count189
\c@paragraph=\count190
\c@subparagraph=\count191
\c@figure=\count192
\c@table=\count193
\abovecaptionskip=\skip48
\belowcaptionskip=\skip49
\bibindent=\dimen140
)
(/Users/bamingyuan/Library/Application Support/MiKTeX/texmfs/install/tex/latex/
base/inputenc.sty
Package: inputenc 2021/02/14 v1.3d Input encoding file
\inpenc@prehook=\toks17
\inpenc@posthook=\toks18
)
(/Users/bamingyuan/Library/Application Support/MiKTeX/texmfs/install/tex/latex/
base/fontenc.sty
Package: fontenc 2021/04/29 v2.0v Standard LaTeX package
)
(/Users/bamingyuan/Library/Application Support/MiKTeX/texmfs/install/tex/latex/
amsmath/amsmath.sty
Package: amsmath 2023/05/13 v2.17o AMS math features
\@mathmargin=\skip50

For additional information on amsmath, use the `?' option.

(/Users/bamingyuan/Library/Application Support/MiKTeX/texmfs/install/tex/latex/
amsmath/amstext.sty
Package: amstext 2021/08/26 v2.01 AMS text

(/Users/bamingyuan/Library/Application Support/MiKTeX/texmfs/install/tex/latex/
amsmath/amsgen.sty
File: amsgen.sty 1999/11/30 v2.0 generic functions
\@emptytoks=\toks19
\ex@=\dimen141
))
(/Users/bamingyuan/Library/Application Support/MiKTeX/texmfs/install/tex/latex/
amsmath/amsbsy.sty
Package: amsbsy 1999/11/29 v1.2d Bold Symbols
\pmbraise@=\dimen142
)
(/Users/bamingyuan/Library/Application Support/MiKTeX/texmfs/install/tex/latex/
amsmath/amsopn.sty
Package: amsopn 2022/04/08 v2.04 operator names
)
\inf@bad=\count194
LaTeX Info: Redefining \frac on input line 234.
\uproot@=\count195
\leftroot@=\count196
LaTeX Info: Redefining \overline on input line 399.
LaTeX Info: Redefining \colon on input line 410.
\classnum@=\count197
\DOTSCASE@=\count198
LaTeX Info: Redefining \ldots on input line 496.
LaTeX Info: Redefining \dots on input line 499.
LaTeX Info: Redefining \cdots on input line 620.
\Mathstrutbox@=\box51
\strutbox@=\box52
LaTeX Info: Redefining \big on input line 722.
LaTeX Info: Redefining \Big on input line 723.
LaTeX Info: Redefining \bigg on input line 724.
LaTeX Info: Redefining \Bigg on input line 725.
\big@size=\dimen143
LaTeX Font Info:    Redeclaring font encoding OML on input line 743.
LaTeX Font Info:    Redeclaring font encoding OMS on input line 744.
\macc@depth=\count199
LaTeX Info: Redefining \bmod on input line 905.
LaTeX Info: Redefining \pmod on input line 910.
LaTeX Info: Redefining \smash on input line 940.
LaTeX Info: Redefining \relbar on input line 970.
LaTeX Info: Redefining \Relbar on input line 971.
\c@MaxMatrixCols=\count266
\dotsspace@=\muskip16
\c@parentequation=\count267
\dspbrk@lvl=\count268
\tag@help=\toks20
\row@=\count269
\column@=\count270
\maxfields@=\count271
\andhelp@=\toks21
\eqnshift@=\dimen144
\alignsep@=\dimen145
\tagshift@=\dimen146
\tagwidth@=\dimen147
\totwidth@=\dimen148
\lineht@=\dimen149
\@envbody=\toks22
\multlinegap=\skip51
\multlinetaggap=\skip52
\mathdisplay@stack=\toks23
LaTeX Info: Redefining \[ on input line 2953.
LaTeX Info: Redefining \] on input line 2954.
)
(/Users/bamingyuan/Library/Application Support/MiKTeX/texmfs/install/tex/latex/
amsfonts/amsfonts.sty
Package: amsfonts 2013/01/14 v3.01 Basic AMSFonts support
\symAMSa=\mathgroup4
\symAMSb=\mathgroup5
LaTeX Font Info:    Redeclaring math symbol \hbar on input line 98.
LaTeX Font Info:    Overwriting math alphabet `\mathfrak' in version `bold'
(Font)                  U/euf/m/n --> U/euf/b/n on input line 106.
)
(/Users/bamingyuan/Library/Application Support/MiKTeX/texmfs/install/tex/latex/
amsfonts/amssymb.sty
Package: amssymb 2013/01/14 v3.01 AMS font symbols
)
(/Users/bamingyuan/Library/Application Support/MiKTeX/texmfs/install/tex/latex/
mhchem/mhchem.sty
Package: mhchem 2021/12/31 v4.09 for typesetting chemical formulae

(/Users/bamingyuan/Library/Application Support/MiKTeX/texmfs/install/tex/latex/
l3kernel/expl3.sty
Package: expl3 2023-10-23 L3 programming layer (loader) 

(/Users/bamingyuan/Library/Application Support/MiKTeX/texmfs/install/tex/latex/
l3backend/l3backend-pdftex.def
File: l3backend-pdftex.def 2023-10-23 L3 backend support: PDF output (pdfTeX)
\l__color_backend_stack_int=\count272
\l__pdf_internal_box=\box53
))
(/Users/bamingyuan/Library/Application Support/MiKTeX/texmfs/install/tex/latex/
l3packages/l3keys2e/l3keys2e.sty
Package: l3keys2e 2023-10-10 LaTeX2e option processing using LaTeX3 keys
)
(/Users/bamingyuan/Library/Application Support/MiKTeX/texmfs/install/tex/latex/
tools/calc.sty
Package: calc 2017/05/25 v4.3 Infix arithmetic (KKT,FJ)
\calc@Acount=\count273
\calc@Bcount=\count274
\calc@Adimen=\dimen150
\calc@Bdimen=\dimen151
\calc@Askip=\skip53
\calc@Bskip=\skip54
LaTeX Info: Redefining \setlength on input line 80.
LaTeX Info: Redefining \addtolength on input line 81.
\calc@Ccount=\count275
\calc@Cskip=\skip55
)
(/Users/bamingyuan/Library/Application Support/MiKTeX/texmfs/install/tex/latex/
chemgreek/chemgreek.sty
(/Users/bamingyuan/Library/Application Support/MiKTeX/texmfs/install/tex/latex/
l3packages/xparse/xparse.sty
Package: xparse 2023-10-10 L3 Experimental document command parser
)
Package: chemgreek 2020/01/16 v1.1a interface for upright Greek letters for use
 in chemistry (CN)
\l__chemgreek_tmpa_int=\count276
\g__chemgreek_tmpa_int=\count277
)
(/Users/bamingyuan/Library/Application Support/MiKTeX/texmfs/install/tex/latex/
graphics/graphics.sty
Package: graphics 2022/03/10 v1.4e Standard LaTeX Graphics (DPC,SPQR)

(/Users/bamingyuan/Library/Application Support/MiKTeX/texmfs/install/tex/latex/
graphics/trig.sty
Package: trig 2021/08/11 v1.11 sin cos tan (DPC)
)
(/Users/bamingyuan/Library/Application Support/MiKTeX/texmfs/install/tex/latex/
graphics-cfg/graphics.cfg
File: graphics.cfg 2016/06/04 v1.11 sample graphics configuration
)
Package graphics Info: Driver file: pdftex.def on input line 107.

(/Users/bamingyuan/Library/Application Support/MiKTeX/texmfs/install/tex/latex/
graphics-def/pdftex.def
File: pdftex.def 2022/09/22 v1.2b Graphics/color driver for pdftex
))
\l__mhchem_ce_distanceFromLastComma_int=\count278
\__mhchem_arrow_extPgfLength_skip=\skip56
\mhchem@minispace@tmp=\skip57
\mhchem@minibackspace@tmp=\skip58
\mhchem@bondwidth=\skip59
\mhchem@bondheight=\skip60
\mhchem@smallbondwidth@tmpA=\skip61
\mhchem@smallbondwidth@tmpB=\skip62
\mhchem@smallbondwidth=\skip63
\mhchem@bondtmp@minussidebearingleft=\skip64
\mhchem@bondtmp@minussidebearingright=\skip65
\l__mhchem_option_version_int=\count279
\mhchem@option@minusmathsidebearingleft=\dimen152
\mhchem@option@minusmathsidebearingright=\dimen153
\mhchem@option@minustextsidebearingleft=\dimen154
\mhchem@option@minustextsidebearingright=\dimen155
)
(/Users/bamingyuan/Library/Application Support/MiKTeX/texmfs/install/tex/latex/
stmaryrd/stmaryrd.sty
Package: stmaryrd 1994/03/03 St Mary's Road symbol package
\symstmry=\mathgroup6
LaTeX Font Info:    Overwriting symbol font `stmry' in version `bold'
(Font)                  U/stmry/m/n --> U/stmry/b/n on input line 89.
)
(/Users/bamingyuan/Library/Application Support/MiKTeX/texmfs/install/tex/latex/
bbold/bbold.sty
Package: bbold 1994/04/06 Bbold symbol package
LaTeX Font Info:    Redeclaring math alphabet \mathbb on input line 42.
)
(/Users/bamingyuan/Library/Application Support/MiKTeX/texmfs/install/tex/latex/
graphics/graphicx.sty
Package: graphicx 2021/09/16 v1.2d Enhanced LaTeX Graphics (DPC,SPQR)

(/Users/bamingyuan/Library/Application Support/MiKTeX/texmfs/install/tex/latex/
graphics/keyval.sty
Package: keyval 2022/05/29 v1.15 key=value parser (DPC)
\KV@toks@=\toks24
)
\Gin@req@height=\dimen156
\Gin@req@width=\dimen157
)
(/Users/bamingyuan/Library/Application Support/MiKTeX/texmfs/install/tex/latex/
adjustbox/adjustbox.sty
Package: adjustbox 2022/10/17 v1.3a Adjusting TeX boxes (trim, clip, ...)

(/Users/bamingyuan/Library/Application Support/MiKTeX/texmfs/install/tex/latex/
xkeyval/xkeyval.sty
Package: xkeyval 2022/06/16 v2.9 package option processing (HA)

(/Users/bamingyuan/Library/Application Support/MiKTeX/texmfs/install/tex/generi
c/xkeyval/xkeyval.tex
(/Users/bamingyuan/Library/Application Support/MiKTeX/texmfs/install/tex/generi
c/xkeyval/xkvutils.tex
\XKV@toks=\toks25
\XKV@tempa@toks=\toks26
)
\XKV@depth=\count280
File: xkeyval.tex 2014/12/03 v2.7a key=value parser (HA)
))
(/Users/bamingyuan/Library/Application Support/MiKTeX/texmfs/install/tex/latex/
adjustbox/adjcalc.sty
Package: adjcalc 2012/05/16 v1.1 Provides advanced setlength with multiple back
-ends (calc, etex, pgfmath)
)
(/Users/bamingyuan/Library/Application Support/MiKTeX/texmfs/install/tex/latex/
adjustbox/trimclip.sty
Package: trimclip 2020/08/19 v1.2 Trim and clip general TeX material

(/Users/bamingyuan/Library/Application Support/MiKTeX/texmfs/install/tex/latex/
collectbox/collectbox.sty
Package: collectbox 2022/10/17 v0.4c Collect macro arguments as boxes
\collectedbox=\box54
)
\tc@llx=\dimen158
\tc@lly=\dimen159
\tc@urx=\dimen160
\tc@ury=\dimen161
Package trimclip Info: Using driver 'tc-pdftex.def'.

(/Users/bamingyuan/Library/Application Support/MiKTeX/texmfs/install/tex/latex/
adjustbox/tc-pdftex.def
File: tc-pdftex.def 2019/01/04 v2.2 Clipping driver for pdftex
))
\adjbox@Width=\dimen162
\adjbox@Height=\dimen163
\adjbox@Depth=\dimen164
\adjbox@Totalheight=\dimen165
\adjbox@pwidth=\dimen166
\adjbox@pheight=\dimen167
\adjbox@pdepth=\dimen168
\adjbox@ptotalheight=\dimen169

(/Users/bamingyuan/Library/Application Support/MiKTeX/texmfs/install/tex/latex/
ifoddpage/ifoddpage.sty
Package: ifoddpage 2022/10/18 v1.2 Conditionals for odd/even page detection
\c@checkoddpage=\count281
)
(/Users/bamingyuan/Library/Application Support/MiKTeX/texmfs/install/tex/latex/
varwidth/varwidth.sty
Package: varwidth 2009/03/30 ver 0.92;  Variable-width minipages
\@vwid@box=\box55
\sift@deathcycles=\count282
\@vwid@loff=\dimen170
\@vwid@roff=\dimen171
))
(/Users/bamingyuan/Library/Application Support/MiKTeX/texmfs/install/tex/generi
c/soul/soul.sty
Package: soul 2023-06-14 v3.1 Permit use of UTF-8 characters in soul (HO)

(/Users/bamingyuan/Library/Application Support/MiKTeX/texmfs/install/tex/generi
c/soul/soul-ori.sty
Package: soul-ori 2023-06-14 v3.1 letterspacing/underlining (mf)
\SOUL@word=\toks27
\SOUL@lasttoken=\toks28
\SOUL@syllable=\toks29
\SOUL@cmds=\toks30
\SOUL@buffer=\toks31
\SOUL@token=\toks32
\SOUL@syllgoal=\dimen172
\SOUL@syllwidth=\dimen173
\SOUL@charkern=\dimen174
\SOUL@hyphkern=\dimen175
\SOUL@dimen=\dimen176
\SOUL@dimeni=\dimen177
\SOUL@minus=\count283
\SOUL@comma=\count284
\SOUL@apo=\count285
\SOUL@grave=\count286
\SOUL@spaceskip=\skip66
\SOUL@ttwidth=\dimen178
\SOUL@uldp=\dimen179
\SOUL@ulht=\dimen180
)
(/Users/bamingyuan/Library/Application Support/MiKTeX/texmfs/install/tex/generi
c/infwarerr/infwarerr.sty
Package: infwarerr 2019/12/03 v1.5 Providing info/warning/error messages (HO)
)
(/Users/bamingyuan/Library/Application Support/MiKTeX/texmfs/install/tex/generi
c/etexcmds/etexcmds.sty
Package: etexcmds 2019/12/15 v1.7 Avoid name clashes with e-TeX commands (HO)

(/Users/bamingyuan/Library/Application Support/MiKTeX/texmfs/install/tex/generi
c/iftex/iftex.sty
Package: iftex 2022/02/03 v1.0f TeX engine tests
))) (Notes.aux)
\openout1 = `Notes.aux'.

LaTeX Font Info:    Checking defaults for OML/cmm/m/it on input line 21.
LaTeX Font Info:    ... okay on input line 21.
LaTeX Font Info:    Checking defaults for OMS/cmsy/m/n on input line 21.
LaTeX Font Info:    ... okay on input line 21.
LaTeX Font Info:    Checking defaults for OT1/cmr/m/n on input line 21.
LaTeX Font Info:    ... okay on input line 21.
LaTeX Font Info:    Checking defaults for T1/cmr/m/n on input line 21.
LaTeX Font Info:    ... okay on input line 21.
LaTeX Font Info:    Checking defaults for TS1/cmr/m/n on input line 21.
LaTeX Font Info:    ... okay on input line 21.
LaTeX Font Info:    Checking defaults for OMX/cmex/m/n on input line 21.
LaTeX Font Info:    ... okay on input line 21.
LaTeX Font Info:    Checking defaults for U/cmr/m/n on input line 21.
LaTeX Font Info:    ... okay on input line 21.

Package chemgreek Info: Activating mapping `default' on line 21.


(/Users/bamingyuan/Library/Application Support/MiKTeX/texmfs/install/tex/contex
t/base/mkii/supp-pdf.mkii
[Loading MPS to PDF converter (version 2006.09.02).]
\scratchcounter=\count287
\scratchdimen=\dimen181
\scratchbox=\box56
\nofMPsegments=\count288
\nofMParguments=\count289
\everyMPshowfont=\toks33
\MPscratchCnt=\count290
\MPscratchDim=\dimen182
\MPnumerator=\count291
\makeMPintoPDFobject=\count292
\everyMPtoPDFconversion=\toks34
)
(/Users/bamingyuan/Library/Application Support/MiKTeX/texmfs/install/tex/latex/
epstopdf-pkg/epstopdf-base.sty
Package: epstopdf-base 2020-01-24 v2.11 Base part for package epstopdf
Package epstopdf-base Info: Redefining graphics rule for `.eps' on input line 4
85.

(/Users/bamingyuan/Library/Application Support/MiKTeX/texmfs/install/tex/latex/
00miktex/epstopdf-sys.cfg
File: epstopdf-sys.cfg 2021/03/18 v2.0 Configuration of epstopdf for MiKTeX
))
LaTeX Font Info:    Trying to load font information for U+msa on input line 22.


(/Users/bamingyuan/Library/Application Support/MiKTeX/texmfs/install/tex/latex/
amsfonts/umsa.fd
File: umsa.fd 2013/01/14 v3.01 AMS symbols A
)
LaTeX Font Info:    Trying to load font information for U+msb on input line 22.


(/Users/bamingyuan/Library/Application Support/MiKTeX/texmfs/install/tex/latex/
amsfonts/umsb.fd
File: umsb.fd 2013/01/14 v3.01 AMS symbols B
)
LaTeX Font Info:    Trying to load font information for U+stmry on input line 2
2.

(/Users/bamingyuan/Library/Application Support/MiKTeX/texmfs/install/tex/latex/
stmaryrd/Ustmry.fd)
Underfull \hbox (badness 10000) in paragraph at lines 31--33

 []


Underfull \hbox (badness 10000) in paragraph at lines 34--37

 []

LaTeX Font Info:    Trying to load font information for U+bbold on input line 3
8.

(/Users/bamingyuan/Library/Application Support/MiKTeX/texmfs/install/tex/latex/
jknappen/ubbold.fd
File: ubbold.fd 1996/01/01 Blackboard Bold Font Definition File (jk)
) [1

{/Users/bamingyuan/Library/Application Support/MiKTeX/texmfs/data/fonts/map/pdf
tex/pdftex.map}] [2] [3] [4]
<images/w3-1.jpeg, id=29, 2919.90875pt x 1225.57875pt>
File: images/w3-1.jpeg Graphic file (type jpg)
<use images/w3-1.jpeg>
Package pdftex.def Info: images/w3-1.jpeg  used on input line 161.
(pdftex.def)             Requested size: 310.4979pt x 130.32588pt.

Underfull \hbox (badness 10000) in paragraph at lines 167--168

 []

<images/w3-2.jpeg, id=30, 1129.21875pt x 1104.125pt>
File: images/w3-2.jpeg Graphic file (type jpg)
<use images/w3-2.jpeg>
Package pdftex.def Info: images/w3-2.jpeg  used on input line 170.
(pdftex.def)             Requested size: 172.5pt x 168.66101pt.
[5 <./images/w3-1.jpeg> <./images/w3-2.jpeg>]
Underfull \hbox (badness 10000) in paragraph at lines 190--191

 []


Overfull \hbox (56.30386pt too wide) detected at line 228
\OML/cmm/m/it/10 x \OT1/cmr/m/n/10 = \OML/cmm/m/it/10 p[] \OT1/cmr/m/n/10 + \OM
L/cmm/m/it/10 td[] [] y \OT1/cmr/m/n/10 = \OML/cmm/m/it/10 p[] \OT1/cmr/m/n/10 
+ \OML/cmm/m/it/10 td[]  [] ;  []t \OMS/cmsy/m/n/10 2 \U/bbold/m/n/10 R\OML/cmm
/m/it/10 :
 []

[6]
Overfull \hbox (20.86583pt too wide) detected at line 276
[][]
 []

[7]
<images/w4-1.jpeg, id=41, 1933.2225pt x 1282.7925pt>
File: images/w4-1.jpeg Graphic file (type jpg)
<use images/w4-1.jpeg>
Package pdftex.def Info: images/w4-1.jpeg  used on input line 314.
(pdftex.def)             Requested size: 310.4979pt x 206.03394pt.

Underfull \hbox (badness 10000) in paragraph at lines 313--315

 []


Underfull \hbox (badness 10000) in paragraph at lines 313--315

 []

[8 <./images/w4-1.jpeg>]
<images/w4-2.jpeg, id=45, 2768.3425pt x 1284.8pt>
File: images/w4-2.jpeg Graphic file (type jpg)
<use images/w4-2.jpeg>
Package pdftex.def Info: images/w4-2.jpeg  used on input line 361.
(pdftex.def)             Requested size: 310.4979pt x 144.09267pt.

Underfull \hbox (badness 10000) in paragraph at lines 360--363

 []

[9 <./images/w4-2.jpeg>]
Overfull \hbox (1.89372pt too wide) detected at line 437
[]  [][]\OMS/cmsy/m/n/10 !  []
 []


Overfull \hbox (8.15984pt too wide) detected at line 455
[]  [][]\OMS/cmsy/m/n/10 !  []
 []

[10]
Overfull \hbox (86.97243pt too wide) detected at line 477
[] [][]\OMS/cmsy/m/n/10 ! []
 []

[11] [12] [13]
Overfull \hbox (3.92825pt too wide) in paragraph at lines 580--581
[][]\T1/cmr/m/n/10 Let [][][] [][]be [][]an [][]in[]-[]vert[]-[]ible [][]ma[]-[
]trix. [][]Then [][][] [][]is [][]in[]-[]vert[]-[]ible [][]and [][][]. 
 []

[14] [15] [16] [17] [18] [19] [20] [21] [22] [23] [24] (Notes.aux)
 ***********
LaTeX2e <2023-06-01> patch level 1
L3 programming layer <2023-10-23>
 ***********
 ) 
Here is how much of TeX's memory you used:
 5688 strings out of 474718
 98529 string characters out of 5737631
 1971033 words of memory out of 5000000
 27625 multiletter control sequences out of 15000+600000
 574607 words of font info for 85 fonts, out of 8000000 for 9000
 1141 hyphenation exceptions out of 8191
 65i,17n,79p,899b,410s stack positions out of 10000i,1000n,20000p,200000b,200000s
 </Users/bamingyuan/Library/Application Support/MiKTeX/texmfs/data/fonts/pk/l
jfour/jknappen/ec/dpi600/tcrm1000.pk> </Users/bamingyuan/Library/Application Su
pport/MiKTeX/texmfs/data/fonts/pk/ljfour/jknappen/ec/dpi600/ecbx1000.pk> </User
s/bamingyuan/Library/Application Support/MiKTeX/texmfs/data/fonts/pk/ljfour/pub
lic/bbold/dpi600/bbold10.pk> </Users/bamingyuan/Library/Application Support/MiK
TeX/texmfs/data/fonts/pk/ljfour/jknappen/ec/dpi600/ecti1000.pk> </Users/bamingy
uan/Library/Application Support/MiKTeX/texmfs/data/fonts/pk/ljfour/jknappen/ec/
dpi600/ecrm1000.pk> </Users/bamingyuan/Library/Application Support/MiKTeX/texmf
s/data/fonts/pk/ljfour/jknappen/ec/dpi600/ecbx1440.pk> </Users/bamingyuan/Libra
ry/Application Support/MiKTeX/texmfs/data/fonts/pk/ljfour/jknappen/ec/dpi600/ec
rm1200.pk> </Users/bamingyuan/Library/Application Support/MiKTeX/texmfs/data/fo
nts/pk/ljfour/jknappen/ec/dpi600/ecrm1728.pk></Users/bamingyuan/Library/Applica
tion Support/MiKTeX/texmfs/install/fonts/type1/public/amsfonts/cm/cmbx10.pfb></
Users/bamingyuan/Library/Application Support/MiKTeX/texmfs/install/fonts/type1/
public/amsfonts/cm/cmbx7.pfb></Users/bamingyuan/Library/Application Support/MiK
TeX/texmfs/install/fonts/type1/public/amsfonts/cm/cmex10.pfb></Users/bamingyuan
/Library/Application Support/MiKTeX/texmfs/install/fonts/type1/public/amsfonts/
cm/cmmi10.pfb></Users/bamingyuan/Library/Application Support/MiKTeX/texmfs/inst
all/fonts/type1/public/amsfonts/cm/cmmi7.pfb></Users/bamingyuan/Library/Applica
tion Support/MiKTeX/texmfs/install/fonts/type1/public/amsfonts/cm/cmr10.pfb></U
sers/bamingyuan/Library/Application Support/MiKTeX/texmfs/install/fonts/type1/p
ublic/amsfonts/cm/cmr7.pfb></Users/bamingyuan/Library/Application Support/MiKTe
X/texmfs/install/fonts/type1/public/amsfonts/cm/cmsy10.pfb></Users/bamingyuan/L
ibrary/Application Support/MiKTeX/texmfs/install/fonts/type1/public/amsfonts/cm
/cmsy7.pfb>
Output written on Notes.pdf (24 pages, 1831904 bytes).
PDF statistics:
 325 PDF objects out of 1000 (max. 8388607)
 0 named destinations out of 1000 (max. 500000)
 21 words of extra memory for PDF output out of 10000 (max. 10000000)

