This is pdfTeX, Version 3.141592653-2.6-1.40.24 (MiKTeX 22.1) (preloaded format=pdflatex 2024.9.13)  7 NOV 2024 00:07
entering extended mode
 restricted \write18 enabled.
 %&-line parsing enabled.
**./Notes.tex
(Notes.tex
LaTeX2e <2024-06-01> patch level 2
L3 programming layer <2024-08-16>

(/Users/bamingyuan/Library/Application Support/MiKTeX/texmfs/install/tex/latex/
base/article.cls
Document Class: article 2024/02/08 v1.4n Standard LaTeX document class

(/Users/bamingyuan/Library/Application Support/MiKTeX/texmfs/install/tex/latex/
base/size10.clo
File: size10.clo 2024/02/08 v1.4n Standard LaTeX file (size option)
)
\c@part=\count194
\c@section=\count195
\c@subsection=\count196
\c@subsubsection=\count197
\c@paragraph=\count198
\c@subparagraph=\count199
\c@figure=\count266
\c@table=\count267
\abovecaptionskip=\skip49
\belowcaptionskip=\skip50
\bibindent=\dimen141
)
(/Users/bamingyuan/Library/Application Support/MiKTeX/texmfs/install/tex/generi
c/soul/soul.sty
Package: soul 2023-06-14 v3.1 Permit use of UTF-8 characters in soul (HO)

(/Users/bamingyuan/Library/Application Support/MiKTeX/texmfs/install/tex/generi
c/soul/soul-ori.sty
Package: soul-ori 2023-06-14 v3.1 letterspacing/underlining (mf)
\SOUL@word=\toks17
\SOUL@lasttoken=\toks18
\SOUL@syllable=\toks19
\SOUL@cmds=\toks20
\SOUL@buffer=\toks21
\SOUL@token=\toks22
\SOUL@syllgoal=\dimen142
\SOUL@syllwidth=\dimen143
\SOUL@charkern=\dimen144
\SOUL@hyphkern=\dimen145
\SOUL@dimen=\dimen146
\SOUL@dimeni=\dimen147
\SOUL@minus=\count268
\SOUL@comma=\count269
\SOUL@apo=\count270
\SOUL@grave=\count271
\SOUL@spaceskip=\skip51
\SOUL@ttwidth=\dimen148
\SOUL@uldp=\dimen149
\SOUL@ulht=\dimen150
)
(/Users/bamingyuan/Library/Application Support/MiKTeX/texmfs/install/tex/generi
c/infwarerr/infwarerr.sty
Package: infwarerr 2019/12/03 v1.5 Providing info/warning/error messages (HO)
)
(/Users/bamingyuan/Library/Application Support/MiKTeX/texmfs/install/tex/generi
c/etexcmds/etexcmds.sty
Package: etexcmds 2019/12/15 v1.7 Avoid name clashes with e-TeX commands (HO)

(/Users/bamingyuan/Library/Application Support/MiKTeX/texmfs/install/tex/generi
c/iftex/iftex.sty
Package: iftex 2022/02/03 v1.0f TeX engine tests
)))
(/Users/bamingyuan/Library/Application Support/MiKTeX/texmfs/install/tex/latex/
xcolor/xcolor.sty
Package: xcolor 2023/11/15 v3.01 LaTeX color extensions (UK)

(/Users/bamingyuan/Library/Application Support/MiKTeX/texmfs/install/tex/latex/
graphics-cfg/color.cfg
File: color.cfg 2016/01/02 v1.6 sample color configuration
)
Package xcolor Info: Driver file: pdftex.def on input line 274.

(/Users/bamingyuan/Library/Application Support/MiKTeX/texmfs/install/tex/latex/
graphics-def/pdftex.def
File: pdftex.def 2024/04/13 v1.2c Graphics/color driver for pdftex
)
(/Users/bamingyuan/Library/Application Support/MiKTeX/texmfs/install/tex/latex/
graphics/mathcolor.ltx)
Package xcolor Info: Model `cmy' substituted by `cmy0' on input line 1350.
Package xcolor Info: Model `hsb' substituted by `rgb' on input line 1354.
Package xcolor Info: Model `RGB' extended on input line 1366.
Package xcolor Info: Model `HTML' substituted by `rgb' on input line 1368.
Package xcolor Info: Model `Hsb' substituted by `hsb' on input line 1369.
Package xcolor Info: Model `tHsb' substituted by `hsb' on input line 1370.
Package xcolor Info: Model `HSB' substituted by `hsb' on input line 1371.
Package xcolor Info: Model `Gray' substituted by `gray' on input line 1372.
Package xcolor Info: Model `wave' substituted by `hsb' on input line 1373.
)
(/Users/bamingyuan/Library/Application Support/MiKTeX/texmfs/install/tex/latex/
amsmath/amsmath.sty
Package: amsmath 2024/05/23 v2.17q AMS math features
\@mathmargin=\skip52

For additional information on amsmath, use the `?' option.

(/Users/bamingyuan/Library/Application Support/MiKTeX/texmfs/install/tex/latex/
amsmath/amstext.sty
Package: amstext 2021/08/26 v2.01 AMS text

(/Users/bamingyuan/Library/Application Support/MiKTeX/texmfs/install/tex/latex/
amsmath/amsgen.sty
File: amsgen.sty 1999/11/30 v2.0 generic functions
\@emptytoks=\toks23
\ex@=\dimen151
))
(/Users/bamingyuan/Library/Application Support/MiKTeX/texmfs/install/tex/latex/
amsmath/amsbsy.sty
Package: amsbsy 1999/11/29 v1.2d Bold Symbols
\pmbraise@=\dimen152
)
(/Users/bamingyuan/Library/Application Support/MiKTeX/texmfs/install/tex/latex/
amsmath/amsopn.sty
Package: amsopn 2022/04/08 v2.04 operator names
)
\inf@bad=\count272
LaTeX Info: Redefining \frac on input line 233.
\uproot@=\count273
\leftroot@=\count274
LaTeX Info: Redefining \overline on input line 398.
LaTeX Info: Redefining \colon on input line 409.
\classnum@=\count275
\DOTSCASE@=\count276
LaTeX Info: Redefining \ldots on input line 495.
LaTeX Info: Redefining \dots on input line 498.
LaTeX Info: Redefining \cdots on input line 619.
\Mathstrutbox@=\box52
\strutbox@=\box53
LaTeX Info: Redefining \big on input line 721.
LaTeX Info: Redefining \Big on input line 722.
LaTeX Info: Redefining \bigg on input line 723.
LaTeX Info: Redefining \Bigg on input line 724.
\big@size=\dimen153
LaTeX Font Info:    Redeclaring font encoding OML on input line 742.
LaTeX Font Info:    Redeclaring font encoding OMS on input line 743.
\macc@depth=\count277
LaTeX Info: Redefining \bmod on input line 904.
LaTeX Info: Redefining \pmod on input line 909.
LaTeX Info: Redefining \smash on input line 939.
LaTeX Info: Redefining \relbar on input line 969.
LaTeX Info: Redefining \Relbar on input line 970.
\c@MaxMatrixCols=\count278
\dotsspace@=\muskip17
\c@parentequation=\count279
\dspbrk@lvl=\count280
\tag@help=\toks24
\row@=\count281
\column@=\count282
\maxfields@=\count283
\andhelp@=\toks25
\eqnshift@=\dimen154
\alignsep@=\dimen155
\tagshift@=\dimen156
\tagwidth@=\dimen157
\totwidth@=\dimen158
\lineht@=\dimen159
\@envbody=\toks26
\multlinegap=\skip53
\multlinetaggap=\skip54
\mathdisplay@stack=\toks27
LaTeX Info: Redefining \[ on input line 2953.
LaTeX Info: Redefining \] on input line 2954.
)
(/Users/bamingyuan/Library/Application Support/MiKTeX/texmfs/install/tex/latex/
amsfonts/amssymb.sty
Package: amssymb 2013/01/14 v3.01 AMS font symbols

(/Users/bamingyuan/Library/Application Support/MiKTeX/texmfs/install/tex/latex/
amsfonts/amsfonts.sty
Package: amsfonts 2013/01/14 v3.01 Basic AMSFonts support
\symAMSa=\mathgroup4
\symAMSb=\mathgroup5
LaTeX Font Info:    Redeclaring math symbol \hbar on input line 98.
LaTeX Font Info:    Overwriting math alphabet `\mathfrak' in version `bold'
(Font)                  U/euf/m/n --> U/euf/b/n on input line 106.
))
(/Users/bamingyuan/Library/Application Support/MiKTeX/texmfs/install/tex/latex/
cancel/cancel.sty
Package: cancel 2013/04/12 v2.2 Cancel math terms
)
(/Users/bamingyuan/Library/Application Support/MiKTeX/texmfs/install/tex/latex/
graphics/graphicx.sty
Package: graphicx 2021/09/16 v1.2d Enhanced LaTeX Graphics (DPC,SPQR)

(/Users/bamingyuan/Library/Application Support/MiKTeX/texmfs/install/tex/latex/
graphics/keyval.sty
Package: keyval 2022/05/29 v1.15 key=value parser (DPC)
\KV@toks@=\toks28
)
(/Users/bamingyuan/Library/Application Support/MiKTeX/texmfs/install/tex/latex/
graphics/graphics.sty
Package: graphics 2024/05/23 v1.4g Standard LaTeX Graphics (DPC,SPQR)

(/Users/bamingyuan/Library/Application Support/MiKTeX/texmfs/install/tex/latex/
graphics/trig.sty
Package: trig 2023/12/02 v1.11 sin cos tan (DPC)
)
(/Users/bamingyuan/Library/Application Support/MiKTeX/texmfs/install/tex/latex/
graphics-cfg/graphics.cfg
File: graphics.cfg 2016/06/04 v1.11 sample graphics configuration
)
Package graphics Info: Driver file: pdftex.def on input line 106.
)
\Gin@req@height=\dimen160
\Gin@req@width=\dimen161
)
(/Users/bamingyuan/Library/Application Support/MiKTeX/texmfs/install/tex/latex/
cjk/CJKutf8.sty
Package: CJKutf8 2021/10/16 4.8.5

(/Users/bamingyuan/Library/Application Support/MiKTeX/texmfs/install/tex/generi
c/iftex/ifpdf.sty
Package: ifpdf 2019/10/25 v3.4 ifpdf legacy package. Use iftex instead.
)
(/Users/bamingyuan/Library/Application Support/MiKTeX/texmfs/install/tex/latex/
base/inputenc.sty
Package: inputenc 2024/02/08 v1.3d Input encoding file
\inpenc@prehook=\toks29
\inpenc@posthook=\toks30
)
(/Users/bamingyuan/Library/Application Support/MiKTeX/texmfs/install/tex/latex/
cjk/CJK.sty
Package: CJK 2021/10/16 4.8.5

(/Users/bamingyuan/Library/Application Support/MiKTeX/texmfs/install/tex/latex/
cjk/mule/MULEenc.sty
Package: MULEenc 2021/10/16 4.8.5
)
(/Users/bamingyuan/Library/Application Support/MiKTeX/texmfs/install/tex/latex/
cjk/CJK.enc
File: CJK.enc 2021/10/16 4.8.5
Now handling font encoding C00 ...
... no UTF-8 mapping file for font encoding C00
Now handling font encoding C05 ...
... no UTF-8 mapping file for font encoding C05
Now handling font encoding C09 ...
... no UTF-8 mapping file for font encoding C09
Now handling font encoding C10 ...
... no UTF-8 mapping file for font encoding C10
Now handling font encoding C20 ...
... no UTF-8 mapping file for font encoding C20
Now handling font encoding C19 ...
... no UTF-8 mapping file for font encoding C19
Now handling font encoding C40 ...
... no UTF-8 mapping file for font encoding C40
Now handling font encoding C42 ...
... no UTF-8 mapping file for font encoding C42
Now handling font encoding C43 ...
... no UTF-8 mapping file for font encoding C43
Now handling font encoding C50 ...
... no UTF-8 mapping file for font encoding C50
Now handling font encoding C52 ...
... no UTF-8 mapping file for font encoding C52
Now handling font encoding C49 ...
... no UTF-8 mapping file for font encoding C49
Now handling font encoding C60 ...
... no UTF-8 mapping file for font encoding C60
Now handling font encoding C61 ...
... no UTF-8 mapping file for font encoding C61
Now handling font encoding C63 ...
... no UTF-8 mapping file for font encoding C63
Now handling font encoding C64 ...
... no UTF-8 mapping file for font encoding C64
Now handling font encoding C65 ...
... no UTF-8 mapping file for font encoding C65
Now handling font encoding C70 ...
... no UTF-8 mapping file for font encoding C70
Now handling font encoding C31 ...
... no UTF-8 mapping file for font encoding C31
Now handling font encoding C32 ...
... no UTF-8 mapping file for font encoding C32
Now handling font encoding C33 ...
... no UTF-8 mapping file for font encoding C33
Now handling font encoding C34 ...
... no UTF-8 mapping file for font encoding C34
Now handling font encoding C35 ...
... no UTF-8 mapping file for font encoding C35
Now handling font encoding C36 ...
... no UTF-8 mapping file for font encoding C36
Now handling font encoding C37 ...
... no UTF-8 mapping file for font encoding C37
Now handling font encoding C80 ...
... no UTF-8 mapping file for font encoding C80
Now handling font encoding C81 ...
... no UTF-8 mapping file for font encoding C81
Now handling font encoding C01 ...
... no UTF-8 mapping file for font encoding C01
Now handling font encoding C11 ...
... no UTF-8 mapping file for font encoding C11
Now handling font encoding C21 ...
... no UTF-8 mapping file for font encoding C21
Now handling font encoding C41 ...
... no UTF-8 mapping file for font encoding C41
Now handling font encoding C62 ...
... no UTF-8 mapping file for font encoding C62
)
\CJK@indent=\box54
)
(/Users/bamingyuan/Library/Application Support/MiKTeX/texmfs/install/tex/latex/
base/fontenc.sty
Package: fontenc 2021/04/29 v2.0v Standard LaTeX package
))
(/Users/bamingyuan/Library/Application Support/MiKTeX/texmfs/install/tex/latex/
pgf/frontendlayer/tikz.sty
(/Users/bamingyuan/Library/Application Support/MiKTeX/texmfs/install/tex/latex/
pgf/basiclayer/pgf.sty
(/Users/bamingyuan/Library/Application Support/MiKTeX/texmfs/install/tex/latex/
pgf/utilities/pgfrcs.sty
(/Users/bamingyuan/Library/Application Support/MiKTeX/texmfs/install/tex/generi
c/pgf/utilities/pgfutil-common.tex
\pgfutil@everybye=\toks31
\pgfutil@tempdima=\dimen162
\pgfutil@tempdimb=\dimen163
)
(/Users/bamingyuan/Library/Application Support/MiKTeX/texmfs/install/tex/generi
c/pgf/utilities/pgfutil-latex.def
\pgfutil@abb=\box55
)
(/Users/bamingyuan/Library/Application Support/MiKTeX/texmfs/install/tex/generi
c/pgf/utilities/pgfrcs.code.tex
(/Users/bamingyuan/Library/Application Support/MiKTeX/texmfs/install/tex/generi
c/pgf/pgf.revision.tex)
Package: pgfrcs 2023-01-15 v3.1.10 (3.1.10)
))
Package: pgf 2023-01-15 v3.1.10 (3.1.10)

(/Users/bamingyuan/Library/Application Support/MiKTeX/texmfs/install/tex/latex/
pgf/basiclayer/pgfcore.sty
(/Users/bamingyuan/Library/Application Support/MiKTeX/texmfs/install/tex/latex/
pgf/systemlayer/pgfsys.sty
(/Users/bamingyuan/Library/Application Support/MiKTeX/texmfs/install/tex/generi
c/pgf/systemlayer/pgfsys.code.tex
Package: pgfsys 2023-01-15 v3.1.10 (3.1.10)

(/Users/bamingyuan/Library/Application Support/MiKTeX/texmfs/install/tex/generi
c/pgf/utilities/pgfkeys.code.tex
\pgfkeys@pathtoks=\toks32
\pgfkeys@temptoks=\toks33

(/Users/bamingyuan/Library/Application Support/MiKTeX/texmfs/install/tex/generi
c/pgf/utilities/pgfkeyslibraryfiltered.code.tex
\pgfkeys@tmptoks=\toks34
))
\pgf@x=\dimen164
\pgf@y=\dimen165
\pgf@xa=\dimen166
\pgf@ya=\dimen167
\pgf@xb=\dimen168
\pgf@yb=\dimen169
\pgf@xc=\dimen170
\pgf@yc=\dimen171
\pgf@xd=\dimen172
\pgf@yd=\dimen173
\w@pgf@writea=\write3
\r@pgf@reada=\read2
\c@pgf@counta=\count284
\c@pgf@countb=\count285
\c@pgf@countc=\count286
\c@pgf@countd=\count287
\t@pgf@toka=\toks35
\t@pgf@tokb=\toks36
\t@pgf@tokc=\toks37
\pgf@sys@id@count=\count288

(/Users/bamingyuan/Library/Application Support/MiKTeX/texmfs/install/tex/generi
c/pgf/systemlayer/pgf.cfg
File: pgf.cfg 2023-01-15 v3.1.10 (3.1.10)
)
Driver file for pgf: pgfsys-pdftex.def

(/Users/bamingyuan/Library/Application Support/MiKTeX/texmfs/install/tex/generi
c/pgf/systemlayer/pgfsys-pdftex.def
File: pgfsys-pdftex.def 2023-01-15 v3.1.10 (3.1.10)

(/Users/bamingyuan/Library/Application Support/MiKTeX/texmfs/install/tex/generi
c/pgf/systemlayer/pgfsys-common-pdf.def
File: pgfsys-common-pdf.def 2023-01-15 v3.1.10 (3.1.10)
)))
(/Users/bamingyuan/Library/Application Support/MiKTeX/texmfs/install/tex/generi
c/pgf/systemlayer/pgfsyssoftpath.code.tex
File: pgfsyssoftpath.code.tex 2023-01-15 v3.1.10 (3.1.10)
\pgfsyssoftpath@smallbuffer@items=\count289
\pgfsyssoftpath@bigbuffer@items=\count290
)
(/Users/bamingyuan/Library/Application Support/MiKTeX/texmfs/install/tex/generi
c/pgf/systemlayer/pgfsysprotocol.code.tex
File: pgfsysprotocol.code.tex 2023-01-15 v3.1.10 (3.1.10)
))
(/Users/bamingyuan/Library/Application Support/MiKTeX/texmfs/install/tex/generi
c/pgf/basiclayer/pgfcore.code.tex
Package: pgfcore 2023-01-15 v3.1.10 (3.1.10)

(/Users/bamingyuan/Library/Application Support/MiKTeX/texmfs/install/tex/generi
c/pgf/math/pgfmath.code.tex
(/Users/bamingyuan/Library/Application Support/MiKTeX/texmfs/install/tex/generi
c/pgf/math/pgfmathutil.code.tex)
(/Users/bamingyuan/Library/Application Support/MiKTeX/texmfs/install/tex/generi
c/pgf/math/pgfmathparser.code.tex
\pgfmath@dimen=\dimen174
\pgfmath@count=\count291
\pgfmath@box=\box56
\pgfmath@toks=\toks38
\pgfmath@stack@operand=\toks39
\pgfmath@stack@operation=\toks40
)
(/Users/bamingyuan/Library/Application Support/MiKTeX/texmfs/install/tex/generi
c/pgf/math/pgfmathfunctions.code.tex)
(/Users/bamingyuan/Library/Application Support/MiKTeX/texmfs/install/tex/generi
c/pgf/math/pgfmathfunctions.basic.code.tex)
(/Users/bamingyuan/Library/Application Support/MiKTeX/texmfs/install/tex/generi
c/pgf/math/pgfmathfunctions.trigonometric.code.tex)
(/Users/bamingyuan/Library/Application Support/MiKTeX/texmfs/install/tex/generi
c/pgf/math/pgfmathfunctions.random.code.tex)
(/Users/bamingyuan/Library/Application Support/MiKTeX/texmfs/install/tex/generi
c/pgf/math/pgfmathfunctions.comparison.code.tex)
(/Users/bamingyuan/Library/Application Support/MiKTeX/texmfs/install/tex/generi
c/pgf/math/pgfmathfunctions.base.code.tex)
(/Users/bamingyuan/Library/Application Support/MiKTeX/texmfs/install/tex/generi
c/pgf/math/pgfmathfunctions.round.code.tex)
(/Users/bamingyuan/Library/Application Support/MiKTeX/texmfs/install/tex/generi
c/pgf/math/pgfmathfunctions.misc.code.tex)
(/Users/bamingyuan/Library/Application Support/MiKTeX/texmfs/install/tex/generi
c/pgf/math/pgfmathfunctions.integerarithmetics.code.tex)
(/Users/bamingyuan/Library/Application Support/MiKTeX/texmfs/install/tex/generi
c/pgf/math/pgfmathcalc.code.tex)
(/Users/bamingyuan/Library/Application Support/MiKTeX/texmfs/install/tex/generi
c/pgf/math/pgfmathfloat.code.tex
\c@pgfmathroundto@lastzeros=\count292
))
(/Users/bamingyuan/Library/Application Support/MiKTeX/texmfs/install/tex/generi
c/pgf/math/pgfint.code.tex)
(/Users/bamingyuan/Library/Application Support/MiKTeX/texmfs/install/tex/generi
c/pgf/basiclayer/pgfcorepoints.code.tex
File: pgfcorepoints.code.tex 2023-01-15 v3.1.10 (3.1.10)
\pgf@picminx=\dimen175
\pgf@picmaxx=\dimen176
\pgf@picminy=\dimen177
\pgf@picmaxy=\dimen178
\pgf@pathminx=\dimen179
\pgf@pathmaxx=\dimen180
\pgf@pathminy=\dimen181
\pgf@pathmaxy=\dimen182
\pgf@xx=\dimen183
\pgf@xy=\dimen184
\pgf@yx=\dimen185
\pgf@yy=\dimen186
\pgf@zx=\dimen187
\pgf@zy=\dimen188
)
(/Users/bamingyuan/Library/Application Support/MiKTeX/texmfs/install/tex/generi
c/pgf/basiclayer/pgfcorepathconstruct.code.tex
File: pgfcorepathconstruct.code.tex 2023-01-15 v3.1.10 (3.1.10)
\pgf@path@lastx=\dimen189
\pgf@path@lasty=\dimen190
)
(/Users/bamingyuan/Library/Application Support/MiKTeX/texmfs/install/tex/generi
c/pgf/basiclayer/pgfcorepathusage.code.tex
File: pgfcorepathusage.code.tex 2023-01-15 v3.1.10 (3.1.10)
\pgf@shorten@end@additional=\dimen191
\pgf@shorten@start@additional=\dimen192
)
(/Users/bamingyuan/Library/Application Support/MiKTeX/texmfs/install/tex/generi
c/pgf/basiclayer/pgfcorescopes.code.tex
File: pgfcorescopes.code.tex 2023-01-15 v3.1.10 (3.1.10)
\pgfpic=\box57
\pgf@hbox=\box58
\pgf@layerbox@main=\box59
\pgf@picture@serial@count=\count293
)
(/Users/bamingyuan/Library/Application Support/MiKTeX/texmfs/install/tex/generi
c/pgf/basiclayer/pgfcoregraphicstate.code.tex
File: pgfcoregraphicstate.code.tex 2023-01-15 v3.1.10 (3.1.10)
\pgflinewidth=\dimen193
)
(/Users/bamingyuan/Library/Application Support/MiKTeX/texmfs/install/tex/generi
c/pgf/basiclayer/pgfcoretransformations.code.tex
File: pgfcoretransformations.code.tex 2023-01-15 v3.1.10 (3.1.10)
\pgf@pt@x=\dimen194
\pgf@pt@y=\dimen195
\pgf@pt@temp=\dimen196
)
(/Users/bamingyuan/Library/Application Support/MiKTeX/texmfs/install/tex/generi
c/pgf/basiclayer/pgfcorequick.code.tex
File: pgfcorequick.code.tex 2023-01-15 v3.1.10 (3.1.10)
)
(/Users/bamingyuan/Library/Application Support/MiKTeX/texmfs/install/tex/generi
c/pgf/basiclayer/pgfcoreobjects.code.tex
File: pgfcoreobjects.code.tex 2023-01-15 v3.1.10 (3.1.10)
)
(/Users/bamingyuan/Library/Application Support/MiKTeX/texmfs/install/tex/generi
c/pgf/basiclayer/pgfcorepathprocessing.code.tex
File: pgfcorepathprocessing.code.tex 2023-01-15 v3.1.10 (3.1.10)
)
(/Users/bamingyuan/Library/Application Support/MiKTeX/texmfs/install/tex/generi
c/pgf/basiclayer/pgfcorearrows.code.tex
File: pgfcorearrows.code.tex 2023-01-15 v3.1.10 (3.1.10)
\pgfarrowsep=\dimen197
)
(/Users/bamingyuan/Library/Application Support/MiKTeX/texmfs/install/tex/generi
c/pgf/basiclayer/pgfcoreshade.code.tex
File: pgfcoreshade.code.tex 2023-01-15 v3.1.10 (3.1.10)
\pgf@max=\dimen198
\pgf@sys@shading@range@num=\count294
\pgf@shadingcount=\count295
)
(/Users/bamingyuan/Library/Application Support/MiKTeX/texmfs/install/tex/generi
c/pgf/basiclayer/pgfcoreimage.code.tex
File: pgfcoreimage.code.tex 2023-01-15 v3.1.10 (3.1.10)
)
(/Users/bamingyuan/Library/Application Support/MiKTeX/texmfs/install/tex/generi
c/pgf/basiclayer/pgfcoreexternal.code.tex
File: pgfcoreexternal.code.tex 2023-01-15 v3.1.10 (3.1.10)
\pgfexternal@startupbox=\box60
)
(/Users/bamingyuan/Library/Application Support/MiKTeX/texmfs/install/tex/generi
c/pgf/basiclayer/pgfcorelayers.code.tex
File: pgfcorelayers.code.tex 2023-01-15 v3.1.10 (3.1.10)
)
(/Users/bamingyuan/Library/Application Support/MiKTeX/texmfs/install/tex/generi
c/pgf/basiclayer/pgfcoretransparency.code.tex
File: pgfcoretransparency.code.tex 2023-01-15 v3.1.10 (3.1.10)
)
(/Users/bamingyuan/Library/Application Support/MiKTeX/texmfs/install/tex/generi
c/pgf/basiclayer/pgfcorepatterns.code.tex
File: pgfcorepatterns.code.tex 2023-01-15 v3.1.10 (3.1.10)
)
(/Users/bamingyuan/Library/Application Support/MiKTeX/texmfs/install/tex/generi
c/pgf/basiclayer/pgfcorerdf.code.tex
File: pgfcorerdf.code.tex 2023-01-15 v3.1.10 (3.1.10)
)))
(/Users/bamingyuan/Library/Application Support/MiKTeX/texmfs/install/tex/generi
c/pgf/modules/pgfmoduleshapes.code.tex
File: pgfmoduleshapes.code.tex 2023-01-15 v3.1.10 (3.1.10)
\pgfnodeparttextbox=\box61
)
(/Users/bamingyuan/Library/Application Support/MiKTeX/texmfs/install/tex/generi
c/pgf/modules/pgfmoduleplot.code.tex
File: pgfmoduleplot.code.tex 2023-01-15 v3.1.10 (3.1.10)
)
(/Users/bamingyuan/Library/Application Support/MiKTeX/texmfs/install/tex/latex/
pgf/compatibility/pgfcomp-version-0-65.sty
Package: pgfcomp-version-0-65 2023-01-15 v3.1.10 (3.1.10)
\pgf@nodesepstart=\dimen199
\pgf@nodesepend=\dimen256
)
(/Users/bamingyuan/Library/Application Support/MiKTeX/texmfs/install/tex/latex/
pgf/compatibility/pgfcomp-version-1-18.sty
Package: pgfcomp-version-1-18 2023-01-15 v3.1.10 (3.1.10)
))
(/Users/bamingyuan/Library/Application Support/MiKTeX/texmfs/install/tex/latex/
pgf/utilities/pgffor.sty
(/Users/bamingyuan/Library/Application Support/MiKTeX/texmfs/install/tex/latex/
pgf/utilities/pgfkeys.sty
(/Users/bamingyuan/Library/Application Support/MiKTeX/texmfs/install/tex/generi
c/pgf/utilities/pgfkeys.code.tex))
(/Users/bamingyuan/Library/Application Support/MiKTeX/texmfs/install/tex/latex/
pgf/math/pgfmath.sty
(/Users/bamingyuan/Library/Application Support/MiKTeX/texmfs/install/tex/generi
c/pgf/math/pgfmath.code.tex))
(/Users/bamingyuan/Library/Application Support/MiKTeX/texmfs/install/tex/generi
c/pgf/utilities/pgffor.code.tex
Package: pgffor 2023-01-15 v3.1.10 (3.1.10)
\pgffor@iter=\dimen257
\pgffor@skip=\dimen258
\pgffor@stack=\toks41
\pgffor@toks=\toks42
))
(/Users/bamingyuan/Library/Application Support/MiKTeX/texmfs/install/tex/generi
c/pgf/frontendlayer/tikz/tikz.code.tex
Package: tikz 2023-01-15 v3.1.10 (3.1.10)

(/Users/bamingyuan/Library/Application Support/MiKTeX/texmfs/install/tex/generi
c/pgf/libraries/pgflibraryplothandlers.code.tex
File: pgflibraryplothandlers.code.tex 2023-01-15 v3.1.10 (3.1.10)
\pgf@plot@mark@count=\count296
\pgfplotmarksize=\dimen259
)
\tikz@lastx=\dimen260
\tikz@lasty=\dimen261
\tikz@lastxsaved=\dimen262
\tikz@lastysaved=\dimen263
\tikz@lastmovetox=\dimen264
\tikz@lastmovetoy=\dimen265
\tikzleveldistance=\dimen266
\tikzsiblingdistance=\dimen267
\tikz@figbox=\box62
\tikz@figbox@bg=\box63
\tikz@tempbox=\box64
\tikz@tempbox@bg=\box65
\tikztreelevel=\count297
\tikznumberofchildren=\count298
\tikznumberofcurrentchild=\count299
\tikz@fig@count=\count300

(/Users/bamingyuan/Library/Application Support/MiKTeX/texmfs/install/tex/generi
c/pgf/modules/pgfmodulematrix.code.tex
File: pgfmodulematrix.code.tex 2023-01-15 v3.1.10 (3.1.10)
\pgfmatrixcurrentrow=\count301
\pgfmatrixcurrentcolumn=\count302
\pgf@matrix@numberofcolumns=\count303
)
\tikz@expandcount=\count304

(/Users/bamingyuan/Library/Application Support/MiKTeX/texmfs/install/tex/generi
c/pgf/frontendlayer/tikz/libraries/tikzlibrarytopaths.code.tex
File: tikzlibrarytopaths.code.tex 2023-01-15 v3.1.10 (3.1.10)
)))
(/Users/bamingyuan/Library/Application Support/MiKTeX/texmfs/install/tex/latex/
ulem/ulem.sty
\UL@box=\box66
\UL@hyphenbox=\box67
\UL@skip=\skip55
\UL@hook=\toks43
\UL@height=\dimen268
\UL@pe=\count305
\UL@pixel=\dimen269
\ULC@box=\box68
Package: ulem 2019/11/18
\ULdepth=\dimen270
)
(/Users/bamingyuan/Library/Application Support/MiKTeX/texmfs/install/tex/latex/
l3backend/l3backend-pdftex.def
File: l3backend-pdftex.def 2024-05-08 L3 backend support: PDF output (pdfTeX)
\l__color_backend_stack_int=\count306
\l__pdf_internal_box=\box69
) (Notes.aux)
\openout1 = `Notes.aux'.

LaTeX Font Info:    Checking defaults for OML/cmm/m/it on input line 18.
LaTeX Font Info:    ... okay on input line 18.
LaTeX Font Info:    Checking defaults for OMS/cmsy/m/n on input line 18.
LaTeX Font Info:    ... okay on input line 18.
LaTeX Font Info:    Checking defaults for OT1/cmr/m/n on input line 18.
LaTeX Font Info:    ... okay on input line 18.
LaTeX Font Info:    Checking defaults for T1/cmr/m/n on input line 18.
LaTeX Font Info:    ... okay on input line 18.
LaTeX Font Info:    Checking defaults for TS1/cmr/m/n on input line 18.
LaTeX Font Info:    ... okay on input line 18.
LaTeX Font Info:    Checking defaults for OMX/cmex/m/n on input line 18.
LaTeX Font Info:    ... okay on input line 18.
LaTeX Font Info:    Checking defaults for U/cmr/m/n on input line 18.
LaTeX Font Info:    ... okay on input line 18.
LaTeX Font Info:    Checking defaults for C00/song/m/n on input line 18.
LaTeX Font Info:    ... okay on input line 18.
LaTeX Font Info:    Checking defaults for C05/song/m/n on input line 18.
LaTeX Font Info:    ... okay on input line 18.
LaTeX Font Info:    Checking defaults for C09/song/m/n on input line 18.
LaTeX Font Info:    ... okay on input line 18.
LaTeX Font Info:    Checking defaults for C10/song/m/n on input line 18.
LaTeX Font Info:    ... okay on input line 18.
LaTeX Font Info:    Checking defaults for C20/song/m/n on input line 18.
LaTeX Font Info:    ... okay on input line 18.
LaTeX Font Info:    Checking defaults for C19/song/m/n on input line 18.
LaTeX Font Info:    ... okay on input line 18.
LaTeX Font Info:    Checking defaults for C40/song/m/n on input line 18.
LaTeX Font Info:    ... okay on input line 18.
LaTeX Font Info:    Checking defaults for C42/song/m/n on input line 18.
LaTeX Font Info:    ... okay on input line 18.
LaTeX Font Info:    Checking defaults for C43/song/m/n on input line 18.
LaTeX Font Info:    ... okay on input line 18.
LaTeX Font Info:    Checking defaults for C50/song/m/n on input line 18.
LaTeX Font Info:    ... okay on input line 18.
LaTeX Font Info:    Checking defaults for C52/song/m/n on input line 18.
LaTeX Font Info:    ... okay on input line 18.
LaTeX Font Info:    Checking defaults for C49/song/m/n on input line 18.
LaTeX Font Info:    ... okay on input line 18.
LaTeX Font Info:    Checking defaults for C60/mj/m/n on input line 18.
LaTeX Font Info:    ... okay on input line 18.
LaTeX Font Info:    Checking defaults for C61/mj/m/n on input line 18.
LaTeX Font Info:    ... okay on input line 18.
LaTeX Font Info:    Checking defaults for C63/mj/m/n on input line 18.
LaTeX Font Info:    ... okay on input line 18.
LaTeX Font Info:    Checking defaults for C64/mj/m/n on input line 18.
LaTeX Font Info:    ... okay on input line 18.
LaTeX Font Info:    Checking defaults for C65/mj/m/n on input line 18.
LaTeX Font Info:    ... okay on input line 18.
LaTeX Font Info:    Checking defaults for C70/song/m/n on input line 18.
LaTeX Font Info:    ... okay on input line 18.
LaTeX Font Info:    Checking defaults for C31/song/m/n on input line 18.
LaTeX Font Info:    ... okay on input line 18.
LaTeX Font Info:    Checking defaults for C32/song/m/n on input line 18.
LaTeX Font Info:    ... okay on input line 18.
LaTeX Font Info:    Checking defaults for C33/song/m/n on input line 18.
LaTeX Font Info:    ... okay on input line 18.
LaTeX Font Info:    Checking defaults for C34/song/m/n on input line 18.
LaTeX Font Info:    ... okay on input line 18.
LaTeX Font Info:    Checking defaults for C35/song/m/n on input line 18.
LaTeX Font Info:    ... okay on input line 18.
LaTeX Font Info:    Checking defaults for C36/song/m/n on input line 18.
LaTeX Font Info:    ... okay on input line 18.
LaTeX Font Info:    Checking defaults for C37/song/m/n on input line 18.
LaTeX Font Info:    ... okay on input line 18.
LaTeX Font Info:    Checking defaults for C80/song/m/n on input line 18.
LaTeX Font Info:    ... okay on input line 18.
LaTeX Font Info:    Checking defaults for C81/song/m/n on input line 18.
LaTeX Font Info:    ... okay on input line 18.
LaTeX Font Info:    Checking defaults for C01/song/m/n on input line 18.
LaTeX Font Info:    ... okay on input line 18.
LaTeX Font Info:    Checking defaults for C11/song/m/n on input line 18.
LaTeX Font Info:    ... okay on input line 18.
LaTeX Font Info:    Checking defaults for C21/song/m/n on input line 18.
LaTeX Font Info:    ... okay on input line 18.
LaTeX Font Info:    Checking defaults for C41/song/m/n on input line 18.
LaTeX Font Info:    ... okay on input line 18.
LaTeX Font Info:    Checking defaults for C62/song/m/n on input line 18.
LaTeX Font Info:    ... okay on input line 18.

(/Users/bamingyuan/Library/Application Support/MiKTeX/texmfs/install/tex/contex
t/base/mkii/supp-pdf.mkii
[Loading MPS to PDF converter (version 2006.09.02).]
\scratchcounter=\count307
\scratchdimen=\dimen271
\scratchbox=\box70
\nofMPsegments=\count308
\nofMParguments=\count309
\everyMPshowfont=\toks44
\MPscratchCnt=\count310
\MPscratchDim=\dimen272
\MPnumerator=\count311
\makeMPintoPDFobject=\count312
\everyMPtoPDFconversion=\toks45
)
(/Users/bamingyuan/Library/Application Support/MiKTeX/texmfs/install/tex/latex/
epstopdf-pkg/epstopdf-base.sty
Package: epstopdf-base 2020-01-24 v2.11 Base part for package epstopdf
Package epstopdf-base Info: Redefining graphics rule for `.eps' on input line 4
85.

(/Users/bamingyuan/Library/Application Support/MiKTeX/texmfs/install/tex/latex/
00miktex/epstopdf-sys.cfg
File: epstopdf-sys.cfg 2021/03/18 v2.0 Configuration of epstopdf for MiKTeX
))
LaTeX Font Info:    Trying to load font information for U+msa on input line 20.


(/Users/bamingyuan/Library/Application Support/MiKTeX/texmfs/install/tex/latex/
amsfonts/umsa.fd
File: umsa.fd 2013/01/14 v3.01 AMS symbols A
)
LaTeX Font Info:    Trying to load font information for U+msb on input line 20.


(/Users/bamingyuan/Library/Application Support/MiKTeX/texmfs/install/tex/latex/
amsfonts/umsb.fd
File: umsb.fd 2013/01/14 v3.01 AMS symbols B
)
Overfull \hbox (0.75456pt too wide) in paragraph at lines 41--42
[]\OT1/cmr/bx/n/10 Initial Con-di-tion\OT1/cmr/m/n/10 : An ini-tial con-di-tion
 is a pair $(\OML/cmm/m/it/10 x[]; y[]\OT1/cmr/m/n/10 )$ such that $\OML/cmm/m/
it/10 y\OT1/cmr/m/n/10 (\OML/cmm/m/it/10 x[]\OT1/cmr/m/n/10 ) =
 []



[1

{/Users/bamingyuan/Library/Application Support/MiKTeX/texmfs/data/fonts/map/pdf
tex/pdftex.map}]
<Graphs/direction_field.png, id=20, 578.16pt x 578.16pt>
File: Graphs/direction_field.png Graphic file (type png)
<use Graphs/direction_field.png>
Package pdftex.def Info: Graphs/direction_field.png  used on input line 60.
(pdftex.def)             Requested size: 319.99997pt x 320.0004pt.

Underfull \hbox (badness 10000) in paragraph at lines 77--78

 []



[2 <./Graphs/direction_field.png>]
Overfull \hbox (4.74986pt too wide) in paragraph at lines 104--105
[]\OT1/cmr/bx/n/10 Exponential Growth\OT1/cmr/m/n/10 : The ex-po-nen-tial growt
h model as-sumes the growth
 []



[3]

[4]

[5]
Overfull \hbox (122.32494pt too wide) detected at line 304
[]
 []



[6]
<Graphs/w5_1.png, id=41, 854.19125pt x 428.60126pt>
File: Graphs/w5_1.png Graphic file (type png)
<use Graphs/w5_1.png>
Package pdftex.def Info: Graphs/w5_1.png  used on input line 327.
(pdftex.def)             Requested size: 279.3pt x 140.1374pt.


[7 <./Graphs/w5_1.png>]
File: Graphs/direction_field.png Graphic file (type png)
<use Graphs/direction_field.png>
Package pdftex.def Info: Graphs/direction_field.png  used on input line 369.
(pdftex.def)             Requested size: 279.3pt x 279.29568pt.


[8]

[9]

[10]

[11]

[12]
<Graphs/w8_1.png, id=65, 462.528pt x 346.896pt>
File: Graphs/w8_1.png Graphic file (type png)
<use Graphs/w8_1.png>
Package pdftex.def Info: Graphs/w8_1.png  used on input line 636.
(pdftex.def)             Requested size: 345.0178pt x 227.62346pt.

Overfull \hbox (25.01784pt too wide) in paragraph at lines 636--637
[] 
 []



[13 <./Graphs/w8_1.png>]
<Graphs/w8_2.png, id=71, 433.62pt x 433.62pt>
File: Graphs/w8_2.png Graphic file (type png)
<use Graphs/w8_2.png>
Package pdftex.def Info: Graphs/w8_2.png  used on input line 651.
(pdftex.def)             Requested size: 320.01363pt x 170.71892pt.
<Graphs/w8_3.png, id=72, 433.62pt x 433.62pt>
File: Graphs/w8_3.png Graphic file (type png)
<use Graphs/w8_3.png>
Package pdftex.def Info: Graphs/w8_3.png  used on input line 653.
(pdftex.def)             Requested size: 320.01363pt x 170.71892pt.
<Graphs/w8_4.png, id=73, 433.62pt x 433.62pt>
File: Graphs/w8_4.png Graphic file (type png)
<use Graphs/w8_4.png>
Package pdftex.def Info: Graphs/w8_4.png  used on input line 655.
(pdftex.def)             Requested size: 320.01363pt x 170.71892pt.


[14 <./Graphs/w8_2.png> <./Graphs/w8_3.png>]

[15 <./Graphs/w8_4.png>]
<Graphs/w8_5.png, id=83, 433.62pt x 433.62pt>
File: Graphs/w8_5.png Graphic file (type png)
<use Graphs/w8_5.png>
Package pdftex.def Info: Graphs/w8_5.png  used on input line 691.
(pdftex.def)             Requested size: 320.01363pt x 170.71892pt.
<Graphs/w8_6.png, id=84, 433.62pt x 433.62pt>
File: Graphs/w8_6.png Graphic file (type png)
<use Graphs/w8_6.png>
Package pdftex.def Info: Graphs/w8_6.png  used on input line 694.
(pdftex.def)             Requested size: 320.01363pt x 170.71892pt.
<Graphs/w8_7.png, id=85, 433.62pt x 433.62pt>
File: Graphs/w8_7.png Graphic file (type png)
<use Graphs/w8_7.png>
Package pdftex.def Info: Graphs/w8_7.png  used on input line 696.
(pdftex.def)             Requested size: 320.01363pt x 170.71892pt.


[16 <./Graphs/w8_5.png> <./Graphs/w8_6.png>]
<Graphs/w9_1.png, id=91, 395.4775pt x 289.08pt>
File: Graphs/w9_1.png Graphic file (type png)
<use Graphs/w9_1.png>
Package pdftex.def Info: Graphs/w9_1.png  used on input line 731.
(pdftex.def)             Requested size: 319.99997pt x 233.9109pt.


[17 <./Graphs/w8_7.png>]

[18 <./Graphs/w9_1.png>]

[19]

[20]
Overfull \hbox (22.27792pt too wide) detected at line 892
\OML/cmm/m/it/10 D[]f\OT1/cmr/m/n/10 (\OML/cmm/m/it/10 a; b\OT1/cmr/m/n/10 ) = 
\OMS/cmsy/m/n/10 r\OML/cmm/m/it/10 f\OT1/cmr/m/n/10 (\OML/cmm/m/it/10 a; b\OT1/
cmr/m/n/10 )[] = \OMS/cmsy/m/n/10 jjr\OML/cmm/m/it/10 f\OT1/cmr/m/n/10 (\OML/cm
m/m/it/10 a; b\OT1/cmr/m/n/10 )\OMS/cmsy/m/n/10 jj jj[]jj [] \OML/cmm/m/it/10 ^
^R \OT1/cmr/m/n/10 = \OMS/cmsy/m/n/10 jjr\OML/cmm/m/it/10 f\OT1/cmr/m/n/10 (\OM
L/cmm/m/it/10 a; b\OT1/cmr/m/n/10 )\OMS/cmsy/m/n/10 jj [] \OML/cmm/m/it/10 ^^R 
\OMS/cmsy/m/n/10 ^^T jjr\OML/cmm/m/it/10 f\OT1/cmr/m/n/10 (\OML/cmm/m/it/10 a; 
b\OT1/cmr/m/n/10 )\OMS/cmsy/m/n/10 jj
 []

<Graphs/w10_1.png, id=108, 545.03625pt x 538.01pt>
File: Graphs/w10_1.png Graphic file (type png)
<use Graphs/w10_1.png>
Package pdftex.def Info: Graphs/w10_1.png  used on input line 906.
(pdftex.def)             Requested size: 319.99997pt x 315.87158pt.


[21]
<Graphs/w10_2.png, id=112, 831.105pt x 460.72125pt>
File: Graphs/w10_2.png Graphic file (type png)
<use Graphs/w10_2.png>
Package pdftex.def Info: Graphs/w10_2.png  used on input line 920.
(pdftex.def)             Requested size: 319.99997pt x 177.38876pt.


[22 <./Graphs/w10_1.png>]
Underfull \hbox (badness 10000) in paragraph at lines 934--935

 []


Underfull \hbox (badness 10000) in paragraph at lines 934--935

 []



[23 <./Graphs/w10_2.png>]
<Graphs/w10_6.png, id=121, 769.87625pt x 404.51125pt>
File: Graphs/w10_6.png Graphic file (type png)
<use Graphs/w10_6.png>
Package pdftex.def Info: Graphs/w10_6.png  used on input line 972.
(pdftex.def)             Requested size: 319.99997pt x 168.14061pt.
<Graphs/w10_3.png, id=122, 740.7675pt x 331.2375pt>
File: Graphs/w10_3.png Graphic file (type png)
<use Graphs/w10_3.png>
Package pdftex.def Info: Graphs/w10_3.png  used on input line 985.
(pdftex.def)             Requested size: 319.99997pt x 143.09145pt.


[24 <./Graphs/w10_6.png>]
<Graphs/w10_4.png, id=127, 751.80875pt x 326.21875pt>
File: Graphs/w10_4.png Graphic file (type png)
<use Graphs/w10_4.png>
Package pdftex.def Info: Graphs/w10_4.png  used on input line 987.
(pdftex.def)             Requested size: 319.99997pt x 138.85268pt.
<Graphs/w10_7.png, id=128, 765.86125pt x 276.03125pt>
File: Graphs/w10_7.png Graphic file (type png)
<use Graphs/w10_7.png>
Package pdftex.def Info: Graphs/w10_7.png  used on input line 989.
(pdftex.def)             Requested size: 319.99997pt x 115.33423pt.


[25 <./Graphs/w10_3.png> <./Graphs/w10_4.png> <./Graphs/w10_7.png>]
<Graphs/w10_5.png, id=136, 987.69pt x 450.68375pt>
File: Graphs/w10_5.png Graphic file (type png)
<use Graphs/w10_5.png>
Package pdftex.def Info: Graphs/w10_5.png  used on input line 1012.
(pdftex.def)             Requested size: 319.99997pt x 146.00972pt.


[26 <./Graphs/w10_5.png>]

[27] (Notes.aux)
 ***********
LaTeX2e <2024-06-01> patch level 2
L3 programming layer <2024-08-16>
 ***********
 ) 
Here is how much of TeX's memory you used:
 14876 strings out of 473899
 295494 string characters out of 5715680
 1946957 words of memory out of 5000000
 37480 multiletter control sequences out of 15000+600000
 566854 words of font info for 71 fonts, out of 8000000 for 9000
 1141 hyphenation exceptions out of 8191
 88i,9n,92p,388b,425s stack positions out of 10000i,1000n,20000p,200000b,200000s
 </Users/bamingyuan/Library/Application Support/MiKTeX/texmfs/data/fonts/pk/l
jfour/jknappen/ec/dpi600/tcrm1000.pk></Users/bamingyuan/Library/Application Sup
port/MiKTeX/texmfs/install/fonts/type1/public/amsfonts/cm/cmbx10.pfb></Users/ba
mingyuan/Library/Application Support/MiKTeX/texmfs/install/fonts/type1/public/a
msfonts/cm/cmbx12.pfb></Users/bamingyuan/Library/Application Support/MiKTeX/tex
mfs/install/fonts/type1/public/amsfonts/cm/cmex10.pfb></Users/bamingyuan/Librar
y/Application Support/MiKTeX/texmfs/install/fonts/type1/public/amsfonts/cmextra
/cmex7.pfb></Users/bamingyuan/Library/Application Support/MiKTeX/texmfs/install
/fonts/type1/public/amsfonts/cm/cmmi10.pfb></Users/bamingyuan/Library/Applicati
on Support/MiKTeX/texmfs/install/fonts/type1/public/amsfonts/cm/cmmi5.pfb></Use
rs/bamingyuan/Library/Application Support/MiKTeX/texmfs/install/fonts/type1/pub
lic/amsfonts/cm/cmmi7.pfb></Users/bamingyuan/Library/Application Support/MiKTeX
/texmfs/install/fonts/type1/public/amsfonts/cm/cmr10.pfb></Users/bamingyuan/Lib
rary/Application Support/MiKTeX/texmfs/install/fonts/type1/public/amsfonts/cm/c
mr12.pfb></Users/bamingyuan/Library/Application Support/MiKTeX/texmfs/install/f
onts/type1/public/amsfonts/cm/cmr17.pfb></Users/bamingyuan/Library/Application 
Support/MiKTeX/texmfs/install/fonts/type1/public/amsfonts/cm/cmr5.pfb></Users/b
amingyuan/Library/Application Support/MiKTeX/texmfs/install/fonts/type1/public/
amsfonts/cm/cmr7.pfb></Users/bamingyuan/Library/Application Support/MiKTeX/texm
fs/install/fonts/type1/public/amsfonts/cm/cmr8.pfb></Users/bamingyuan/Library/A
pplication Support/MiKTeX/texmfs/install/fonts/type1/public/amsfonts/cm/cmsy10.
pfb></Users/bamingyuan/Library/Application Support/MiKTeX/texmfs/install/fonts/
type1/public/amsfonts/cm/cmsy5.pfb></Users/bamingyuan/Library/Application Suppo
rt/MiKTeX/texmfs/install/fonts/type1/public/amsfonts/cm/cmsy7.pfb></Users/bamin
gyuan/Library/Application Support/MiKTeX/texmfs/install/fonts/type1/public/amsf
onts/cm/cmtt10.pfb></Users/bamingyuan/Library/Application Support/MiKTeX/texmfs
/install/fonts/type1/public/amsfonts/symbols/msbm10.pfb>
Output written on Notes.pdf (27 pages, 1548524 bytes).
PDF statistics:
 222 PDF objects out of 1000 (max. 8388607)
 0 named destinations out of 1000 (max. 500000)
 98 words of extra memory for PDF output out of 10000 (max. 10000000)

