This is pdfTeX, Version 3.141592653-2.6-1.40.24 (MiKTeX 22.1) (preloaded format=pdflatex 2024.9.13)  15 SEP 2024 03:48
entering extended mode
 restricted \write18 enabled.
 %&-line parsing enabled.
**./main.tex
(main.tex
LaTeX2e <2024-06-01> patch level 2
L3 programming layer <2024-08-16>

(/Users/bamingyuan/Library/Application Support/MiKTeX/texmfs/install/tex/latex/
base/article.cls
Document Class: article 2024/02/08 v1.4n Standard LaTeX document class

(/Users/bamingyuan/Library/Application Support/MiKTeX/texmfs/install/tex/latex/
base/size12.clo
File: size12.clo 2024/02/08 v1.4n Standard LaTeX file (size option)
)
\c@part=\count194
\c@section=\count195
\c@subsection=\count196
\c@subsubsection=\count197
\c@paragraph=\count198
\c@subparagraph=\count199
\c@figure=\count266
\c@table=\count267
\abovecaptionskip=\skip49
\belowcaptionskip=\skip50
\bibindent=\dimen141
)
(/Users/bamingyuan/Library/Application Support/MiKTeX/texmfs/install/tex/latex/
graphics/graphicx.sty
Package: graphicx 2021/09/16 v1.2d Enhanced LaTeX Graphics (DPC,SPQR)

(/Users/bamingyuan/Library/Application Support/MiKTeX/texmfs/install/tex/latex/
graphics/keyval.sty
Package: keyval 2022/05/29 v1.15 key=value parser (DPC)
\KV@toks@=\toks17
)
(/Users/bamingyuan/Library/Application Support/MiKTeX/texmfs/install/tex/latex/
graphics/graphics.sty
Package: graphics 2024/05/23 v1.4g Standard LaTeX Graphics (DPC,SPQR)

(/Users/bamingyuan/Library/Application Support/MiKTeX/texmfs/install/tex/latex/
graphics/trig.sty
Package: trig 2023/12/02 v1.11 sin cos tan (DPC)
)
(/Users/bamingyuan/Library/Application Support/MiKTeX/texmfs/install/tex/latex/
graphics-cfg/graphics.cfg
File: graphics.cfg 2016/06/04 v1.11 sample graphics configuration
)
Package graphics Info: Driver file: pdftex.def on input line 106.

(/Users/bamingyuan/Library/Application Support/MiKTeX/texmfs/install/tex/latex/
graphics-def/pdftex.def
File: pdftex.def 2024/04/13 v1.2c Graphics/color driver for pdftex
))
\Gin@req@height=\dimen142
\Gin@req@width=\dimen143
)
(/Users/bamingyuan/Library/Application Support/MiKTeX/texmfs/install/tex/latex/
geometry/geometry.sty
Package: geometry 2020/01/02 v5.9 Page Geometry

(/Users/bamingyuan/Library/Application Support/MiKTeX/texmfs/install/tex/generi
c/iftex/ifvtex.sty
Package: ifvtex 2019/10/25 v1.7 ifvtex legacy package. Use iftex instead.

(/Users/bamingyuan/Library/Application Support/MiKTeX/texmfs/install/tex/generi
c/iftex/iftex.sty
Package: iftex 2022/02/03 v1.0f TeX engine tests
))
\Gm@cnth=\count268
\Gm@cntv=\count269
\c@Gm@tempcnt=\count270
\Gm@bindingoffset=\dimen144
\Gm@wd@mp=\dimen145
\Gm@odd@mp=\dimen146
\Gm@even@mp=\dimen147
\Gm@layoutwidth=\dimen148
\Gm@layoutheight=\dimen149
\Gm@layouthoffset=\dimen150
\Gm@layoutvoffset=\dimen151
\Gm@dimlist=\toks18

(/Users/bamingyuan/Library/Application Support/MiKTeX/texmfs/install/tex/latex/
geometry/geometry.cfg))
(/Users/bamingyuan/Library/Application Support/MiKTeX/texmfs/install/tex/latex/
titlesec/titlesec.sty
Package: titlesec 2023/10/27 v2.16 Sectioning titles
\ttl@box=\box52
\beforetitleunit=\skip51
\aftertitleunit=\skip52
\ttl@plus=\dimen152
\ttl@minus=\dimen153
\ttl@toksa=\toks19
\titlewidth=\dimen154
\titlewidthlast=\dimen155
\titlewidthfirst=\dimen156
)
(/Users/bamingyuan/Library/Application Support/MiKTeX/texmfs/install/tex/latex/
setspace/setspace.sty
Package: setspace 2022/12/04 v6.7b set line spacing
)
(/Users/bamingyuan/Library/Application Support/MiKTeX/texmfs/install/tex/latex/
fancyhdr/fancyhdr.sty
Package: fancyhdr 2024/07/23 v4.3.1 Extensive control of page headers and foote
rs
\f@nch@headwidth=\skip53
\f@nch@O@elh=\skip54
\f@nch@O@erh=\skip55
\f@nch@O@olh=\skip56
\f@nch@O@orh=\skip57
\f@nch@O@elf=\skip58
\f@nch@O@erf=\skip59
\f@nch@O@olf=\skip60
\f@nch@O@orf=\skip61
)
(/Users/bamingyuan/Library/Application Support/MiKTeX/texmfs/install/tex/latex/
pdfpages/pdfpages.sty
Package: pdfpages 2024/05/29 v0.6a Insert pages of external PDF documents (AM)

(/Users/bamingyuan/Library/Application Support/MiKTeX/texmfs/install/tex/latex/
base/ifthen.sty
Package: ifthen 2024/03/16 v1.1e Standard LaTeX ifthen package (DPC)
)
(/Users/bamingyuan/Library/Application Support/MiKTeX/texmfs/install/tex/latex/
tools/calc.sty
Package: calc 2023/07/08 v4.3 Infix arithmetic (KKT,FJ)
\calc@Acount=\count271
\calc@Bcount=\count272
\calc@Adimen=\dimen157
\calc@Bdimen=\dimen158
\calc@Askip=\skip62
\calc@Bskip=\skip63
LaTeX Info: Redefining \setlength on input line 80.
LaTeX Info: Redefining \addtolength on input line 81.
\calc@Ccount=\count273
\calc@Cskip=\skip64
)
(/Users/bamingyuan/Library/Application Support/MiKTeX/texmfs/install/tex/latex/
eso-pic/eso-pic.sty
Package: eso-pic 2023/05/03 v3.0c eso-pic (RN)
\ESO@tempdima=\dimen159
\ESO@tempdimb=\dimen160

(/Users/bamingyuan/Library/Application Support/MiKTeX/texmfs/install/tex/latex/
xcolor/xcolor.sty
Package: xcolor 2023/11/15 v3.01 LaTeX color extensions (UK)

(/Users/bamingyuan/Library/Application Support/MiKTeX/texmfs/install/tex/latex/
graphics-cfg/color.cfg
File: color.cfg 2016/01/02 v1.6 sample color configuration
)
Package xcolor Info: Driver file: pdftex.def on input line 274.

(/Users/bamingyuan/Library/Application Support/MiKTeX/texmfs/install/tex/latex/
graphics/mathcolor.ltx)
Package xcolor Info: Model `cmy' substituted by `cmy0' on input line 1350.
Package xcolor Info: Model `hsb' substituted by `rgb' on input line 1354.
Package xcolor Info: Model `RGB' extended on input line 1366.
Package xcolor Info: Model `HTML' substituted by `rgb' on input line 1368.
Package xcolor Info: Model `Hsb' substituted by `hsb' on input line 1369.
Package xcolor Info: Model `tHsb' substituted by `hsb' on input line 1370.
Package xcolor Info: Model `HSB' substituted by `hsb' on input line 1371.
Package xcolor Info: Model `Gray' substituted by `gray' on input line 1372.
Package xcolor Info: Model `wave' substituted by `hsb' on input line 1373.
))
\AM@pagewidth=\dimen161
\AM@pageheight=\dimen162
\AM@fboxrule=\dimen163

(/Users/bamingyuan/Library/Application Support/MiKTeX/texmfs/install/tex/latex/
pdfpages/pppdftex.def
File: pppdftex.def 2024/05/29 v0.6a Pdfpages driver for pdfTeX (AM)
)
\pdfpages@includegraphics@status=\count274
\AM@pagebox=\box53
\AM@global@opts=\toks20
\AM@pagecnt=\count275
\AM@toc@title=\toks21
\AM@lof@heading=\toks22
\c@AM@survey=\count276
\AM@templatesizebox=\box54
)
(/Users/bamingyuan/Library/Application Support/MiKTeX/texmfs/install/tex/latex/
hyperref/hyperref.sty
Package: hyperref 2024-07-10 v7.01j Hypertext links for LaTeX

(/Users/bamingyuan/Library/Application Support/MiKTeX/texmfs/install/tex/latex/
kvsetkeys/kvsetkeys.sty
Package: kvsetkeys 2022-10-05 v1.19 Key value parser (HO)
)
(/Users/bamingyuan/Library/Application Support/MiKTeX/texmfs/install/tex/generi
c/kvdefinekeys/kvdefinekeys.sty
Package: kvdefinekeys 2019-12-19 v1.6 Define keys (HO)
)
(/Users/bamingyuan/Library/Application Support/MiKTeX/texmfs/install/tex/generi
c/pdfescape/pdfescape.sty
Package: pdfescape 2019/12/09 v1.15 Implements pdfTeX's escape features (HO)

(/Users/bamingyuan/Library/Application Support/MiKTeX/texmfs/install/tex/generi
c/ltxcmds/ltxcmds.sty
Package: ltxcmds 2023-12-04 v1.26 LaTeX kernel commands for general use (HO)
)
(/Users/bamingyuan/Library/Application Support/MiKTeX/texmfs/install/tex/generi
c/pdftexcmds/pdftexcmds.sty
Package: pdftexcmds 2020-06-27 v0.33 Utility functions of pdfTeX for LuaTeX (HO
)

(/Users/bamingyuan/Library/Application Support/MiKTeX/texmfs/install/tex/generi
c/infwarerr/infwarerr.sty
Package: infwarerr 2019/12/03 v1.5 Providing info/warning/error messages (HO)
)
Package pdftexcmds Info: \pdf@primitive is available.
Package pdftexcmds Info: \pdf@ifprimitive is available.
Package pdftexcmds Info: \pdfdraftmode found.
))
(/Users/bamingyuan/Library/Application Support/MiKTeX/texmfs/install/tex/latex/
hycolor/hycolor.sty
Package: hycolor 2020-01-27 v1.10 Color options for hyperref/bookmark (HO)
)
(/Users/bamingyuan/Library/Application Support/MiKTeX/texmfs/install/tex/latex/
hyperref/nameref.sty
Package: nameref 2023-11-26 v2.56 Cross-referencing by name of section

(/Users/bamingyuan/Library/Application Support/MiKTeX/texmfs/install/tex/latex/
refcount/refcount.sty
Package: refcount 2019/12/15 v3.6 Data extraction from label references (HO)
)
(/Users/bamingyuan/Library/Application Support/MiKTeX/texmfs/install/tex/generi
c/gettitlestring/gettitlestring.sty
Package: gettitlestring 2019/12/15 v1.6 Cleanup title references (HO)

(/Users/bamingyuan/Library/Application Support/MiKTeX/texmfs/install/tex/latex/
kvoptions/kvoptions.sty
Package: kvoptions 2022-06-15 v3.15 Key value format for package options (HO)
))
\c@section@level=\count277
)
(/Users/bamingyuan/Library/Application Support/MiKTeX/texmfs/install/tex/latex/
etoolbox/etoolbox.sty
Package: etoolbox 2020/10/05 v2.5k e-TeX tools for LaTeX (JAW)
\etb@tempcnta=\count278
)
(/Users/bamingyuan/Library/Application Support/MiKTeX/texmfs/install/tex/generi
c/stringenc/stringenc.sty
Package: stringenc 2019/11/29 v1.12 Convert strings between diff. encodings (HO
)
)
\@linkdim=\dimen164
\Hy@linkcounter=\count279
\Hy@pagecounter=\count280

(/Users/bamingyuan/Library/Application Support/MiKTeX/texmfs/install/tex/latex/
hyperref/pd1enc.def
File: pd1enc.def 2024-07-10 v7.01j Hyperref: PDFDocEncoding definition (HO)
Now handling font encoding PD1 ...
... no UTF-8 mapping file for font encoding PD1
)
(/Users/bamingyuan/Library/Application Support/MiKTeX/texmfs/install/tex/generi
c/intcalc/intcalc.sty
Package: intcalc 2019/12/15 v1.3 Expandable calculations with integers (HO)
)
\Hy@SavedSpaceFactor=\count281

(/Users/bamingyuan/Library/Application Support/MiKTeX/texmfs/install/tex/latex/
hyperref/puenc.def
File: puenc.def 2024-07-10 v7.01j Hyperref: PDF Unicode definition (HO)
Now handling font encoding PU ...
... no UTF-8 mapping file for font encoding PU
)
Package hyperref Info: Hyper figures OFF on input line 4157.
Package hyperref Info: Link nesting OFF on input line 4162.
Package hyperref Info: Hyper index ON on input line 4165.
Package hyperref Info: Plain pages OFF on input line 4172.
Package hyperref Info: Backreferencing OFF on input line 4177.
Package hyperref Info: Implicit mode ON; LaTeX internals redefined.
Package hyperref Info: Bookmarks ON on input line 4424.
\c@Hy@tempcnt=\count282

(/Users/bamingyuan/Library/Application Support/MiKTeX/texmfs/install/tex/latex/
url/url.sty
\Urlmuskip=\muskip17
Package: url 2013/09/16  ver 3.4  Verb mode for urls, etc.
)
LaTeX Info: Redefining \url on input line 4763.
\XeTeXLinkMargin=\dimen165

(/Users/bamingyuan/Library/Application Support/MiKTeX/texmfs/install/tex/generi
c/bitset/bitset.sty
Package: bitset 2019/12/09 v1.3 Handle bit-vector datatype (HO)

(/Users/bamingyuan/Library/Application Support/MiKTeX/texmfs/install/tex/generi
c/bigintcalc/bigintcalc.sty
Package: bigintcalc 2019/12/15 v1.5 Expandable calculations on big integers (HO
)
))
\Fld@menulength=\count283
\Field@Width=\dimen166
\Fld@charsize=\dimen167
Package hyperref Info: Hyper figures OFF on input line 6042.
Package hyperref Info: Link nesting OFF on input line 6047.
Package hyperref Info: Hyper index ON on input line 6050.
Package hyperref Info: backreferencing OFF on input line 6057.
Package hyperref Info: Link coloring OFF on input line 6062.
Package hyperref Info: Link coloring with OCG OFF on input line 6067.
Package hyperref Info: PDF/A mode OFF on input line 6072.

(/Users/bamingyuan/Library/Application Support/MiKTeX/texmfs/install/tex/latex/
base/atbegshi-ltx.sty
Package: atbegshi-ltx 2021/01/10 v1.0c Emulation of the original atbegshi
package with kernel methods
)
\Hy@abspage=\count284
\c@Item=\count285
\c@Hfootnote=\count286
)
Package hyperref Info: Driver (autodetected): hpdftex.

(/Users/bamingyuan/Library/Application Support/MiKTeX/texmfs/install/tex/latex/
hyperref/hpdftex.def
File: hpdftex.def 2024-07-10 v7.01j Hyperref driver for pdfTeX

(/Users/bamingyuan/Library/Application Support/MiKTeX/texmfs/install/tex/latex/
base/atveryend-ltx.sty
Package: atveryend-ltx 2020/08/19 v1.0a Emulation of the original atveryend pac
kage
with kernel methods
)
\Fld@listcount=\count287
\c@bookmark@seq@number=\count288

(/Users/bamingyuan/Library/Application Support/MiKTeX/texmfs/install/tex/latex/
rerunfilecheck/rerunfilecheck.sty
Package: rerunfilecheck 2022-07-10 v1.10 Rerun checks for auxiliary files (HO)

(/Users/bamingyuan/Library/Application Support/MiKTeX/texmfs/install/tex/generi
c/uniquecounter/uniquecounter.sty
Package: uniquecounter 2019/12/15 v1.4 Provide unlimited unique counter (HO)
)
Package uniquecounter Info: New unique counter `rerunfilecheck' on input line 2
85.
)
\Hy@SectionHShift=\skip65
)
(/Users/bamingyuan/Library/Application Support/MiKTeX/texmfs/install/tex/latex/
csquotes/csquotes.sty
Package: csquotes 2024-04-04 v5.2o context-sensitive quotations (JAW)
\csq@reset=\count289
\csq@gtype=\count290
\csq@glevel=\count291
\csq@qlevel=\count292
\csq@maxlvl=\count293
\csq@tshold=\count294
\csq@ltx@everypar=\toks23

(/Users/bamingyuan/Library/Application Support/MiKTeX/texmfs/install/tex/latex/
csquotes/csquotes.def
File: csquotes.def 2024-04-04 v5.2o csquotes generic definitions (JAW)
)
Package csquotes Info: Trying to load configuration file 'csquotes.cfg'...
Package csquotes Info: ... configuration file loaded successfully.

(/Users/bamingyuan/Library/Application Support/MiKTeX/texmfs/install/tex/latex/
csquotes/csquotes.cfg
File: csquotes.cfg 
))
Package csquotes Info: Checking for multilingual support...
Package csquotes Info: ... none found.

(/Users/bamingyuan/Library/Application Support/MiKTeX/texmfs/install/tex/latex/
l3backend/l3backend-pdftex.def
File: l3backend-pdftex.def 2024-05-08 L3 backend support: PDF output (pdfTeX)
\l__color_backend_stack_int=\count295
\l__pdf_internal_box=\box55
) (main.aux)
\openout1 = `main.aux'.

LaTeX Font Info:    Checking defaults for OML/cmm/m/it on input line 24.
LaTeX Font Info:    ... okay on input line 24.
LaTeX Font Info:    Checking defaults for OMS/cmsy/m/n on input line 24.
LaTeX Font Info:    ... okay on input line 24.
LaTeX Font Info:    Checking defaults for OT1/cmr/m/n on input line 24.
LaTeX Font Info:    ... okay on input line 24.
LaTeX Font Info:    Checking defaults for T1/cmr/m/n on input line 24.
LaTeX Font Info:    ... okay on input line 24.
LaTeX Font Info:    Checking defaults for TS1/cmr/m/n on input line 24.
LaTeX Font Info:    ... okay on input line 24.
LaTeX Font Info:    Checking defaults for OMX/cmex/m/n on input line 24.
LaTeX Font Info:    ... okay on input line 24.
LaTeX Font Info:    Checking defaults for U/cmr/m/n on input line 24.
LaTeX Font Info:    ... okay on input line 24.
LaTeX Font Info:    Checking defaults for PD1/pdf/m/n on input line 24.
LaTeX Font Info:    ... okay on input line 24.
LaTeX Font Info:    Checking defaults for PU/pdf/m/n on input line 24.
LaTeX Font Info:    ... okay on input line 24.

(/Users/bamingyuan/Library/Application Support/MiKTeX/texmfs/install/tex/contex
t/base/mkii/supp-pdf.mkii
[Loading MPS to PDF converter (version 2006.09.02).]
\scratchcounter=\count296
\scratchdimen=\dimen168
\scratchbox=\box56
\nofMPsegments=\count297
\nofMParguments=\count298
\everyMPshowfont=\toks24
\MPscratchCnt=\count299
\MPscratchDim=\dimen169
\MPnumerator=\count300
\makeMPintoPDFobject=\count301
\everyMPtoPDFconversion=\toks25
)
(/Users/bamingyuan/Library/Application Support/MiKTeX/texmfs/install/tex/latex/
epstopdf-pkg/epstopdf-base.sty
Package: epstopdf-base 2020-01-24 v2.11 Base part for package epstopdf
Package epstopdf-base Info: Redefining graphics rule for `.eps' on input line 4
85.

(/Users/bamingyuan/Library/Application Support/MiKTeX/texmfs/install/tex/latex/
00miktex/epstopdf-sys.cfg
File: epstopdf-sys.cfg 2021/03/18 v2.0 Configuration of epstopdf for MiKTeX
))
*geometry* driver: auto-detecting
*geometry* detected driver: pdftex
*geometry* verbose mode - [ preamble ] result:
* driver: pdftex
* paper: a4paper
* layout: <same size as paper>
* layoutoffset:(h,v)=(0.0pt,0.0pt)
* modes: 
* h-part:(L,W,R)=(72.26999pt, 452.9679pt, 72.26999pt)
* v-part:(T,H,B)=(72.26999pt, 700.50687pt, 72.26999pt)
* \paperwidth=597.50787pt
* \paperheight=845.04684pt
* \textwidth=452.9679pt
* \textheight=700.50687pt
* \oddsidemargin=0.0pt
* \evensidemargin=0.0pt
* \topmargin=-37.0pt
* \headheight=12.0pt
* \headsep=25.0pt
* \topskip=12.0pt
* \footskip=30.0pt
* \marginparwidth=35.0pt
* \marginparsep=10.0pt
* \columnsep=10.0pt
* \skip\footins=10.8pt plus 4.0pt minus 2.0pt
* \hoffset=0.0pt
* \voffset=0.0pt
* \mag=1000
* \@twocolumnfalse
* \@twosidefalse
* \@mparswitchfalse
* \@reversemarginfalse
* (1in=72.27pt=25.4mm, 1cm=28.453pt)


(/Users/bamingyuan/Library/Application Support/MiKTeX/texmfs/install/tex/latex/
pdflscape/pdflscape.sty
Package: pdflscape 2022-10-27 v0.13 Display of landscape pages in PDF

(/Users/bamingyuan/Library/Application Support/MiKTeX/texmfs/install/tex/latex/
pdflscape/pdflscape-nometadata.sty
Package: pdflscape-nometadata 2022-10-28 v0.13 Display of landscape pages in PD
F (HO)

(/Users/bamingyuan/Library/Application Support/MiKTeX/texmfs/install/tex/latex/
graphics/lscape.sty
Package: lscape 2020/05/28 v3.02 Landscape Pages (DPC)
)
Package pdflscape Info: Auto-detected driver: pdftex on input line 81.
))
Package hyperref Info: Link coloring OFF on input line 24.
 (main.out) (main.out)
\@outlinefile=\write3
\openout3 = `main.out'.

LaTeX Font Info:    External font `cmex10' loaded for size
(Font)              <12> on input line 49.
LaTeX Font Info:    External font `cmex10' loaded for size
(Font)              <8> on input line 49.
LaTeX Font Info:    External font `cmex10' loaded for size
(Font)              <6> on input line 49.


[1

{/Users/bamingyuan/Library/Application Support/MiKTeX/texmfs/data/fonts/map/pdf
tex/pdftex.map}]
<Graphs/ER-diagram.pdf, id=14, 845.04686pt x 597.50786pt>
File: Graphs/ER-diagram.pdf Graphic file (type pdf)
<use Graphs/ER-diagram.pdf>
Package pdftex.def Info: Graphs/ER-diagram.pdf  used on input line 64.
(pdftex.def)             Requested size: 845.0448pt x 597.5064pt.
File: Graphs/ER-diagram.pdf Graphic file (type pdf)
<use Graphs/ER-diagram.pdf>
Package pdftex.def Info: Graphs/ER-diagram.pdf  used on input line 64.
(pdftex.def)             Requested size: 845.0448pt x 597.5064pt.
<Graphs/ER-diagram.pdf, id=17, page=1, 845.04686pt x 597.50786pt>
File: Graphs/ER-diagram.pdf Graphic file (type pdf)
<use Graphs/ER-diagram.pdf, page 1>
Package pdftex.def Info: Graphs/ER-diagram.pdf , page1 used on input line 64.
(pdftex.def)             Requested size: 845.0448pt x 597.5064pt.
File: Graphs/ER-diagram.pdf Graphic file (type pdf)
<use Graphs/ER-diagram.pdf, page 1>
Package pdftex.def Info: Graphs/ER-diagram.pdf , page1 used on input line 64.
(pdftex.def)             Requested size: 597.53755pt x 422.50127pt.


[2]
File: Graphs/ER-diagram.pdf Graphic file (type pdf)
<use Graphs/ER-diagram.pdf, page 1>
Package pdftex.def Info: Graphs/ER-diagram.pdf , page1 used on input line 64.
(pdftex.def)             Requested size: 597.53755pt x 422.50127pt.
File: Graphs/ER-diagram.pdf Graphic file (type pdf)
<use Graphs/ER-diagram.pdf, page 1>
Package pdftex.def Info: Graphs/ER-diagram.pdf , page1 used on input line 64.
(pdftex.def)             Requested size: 597.53755pt x 422.50127pt.


File: Graphs/ER-diagram.pdf Graphic file (type pdf)
<use Graphs/ER-diagram.pdf, page 1>
Package pdftex.def Info: Graphs/ER-diagram.pdf , page1 used on input line 64.
(pdftex.def)             Requested size: 597.53755pt x 422.50127pt.
[3

 <./Graphs/ER-diagram.pdf>]
<Graphs/ER-diagram.pdf, id=37, page=2, 845.04686pt x 597.50786pt>
File: Graphs/ER-diagram.pdf Graphic file (type pdf)
<use Graphs/ER-diagram.pdf, page 2>
Package pdftex.def Info: Graphs/ER-diagram.pdf , page2 used on input line 64.
(pdftex.def)             Requested size: 597.53755pt x 422.50127pt.
File: Graphs/ER-diagram.pdf Graphic file (type pdf)
<use Graphs/ER-diagram.pdf, page 2>
Package pdftex.def Info: Graphs/ER-diagram.pdf , page2 used on input line 64.
(pdftex.def)             Requested size: 597.53755pt x 422.50127pt.


File: Graphs/ER-diagram.pdf Graphic file (type pdf)
<use Graphs/ER-diagram.pdf, page 2>
Package pdftex.def Info: Graphs/ER-diagram.pdf , page2 used on input line 64.
(pdftex.def)             Requested size: 597.53755pt x 422.50127pt.
[4

 <./Graphs/ER-diagram.pdf>]
<Graphs/ER-diagram.pdf, id=42, page=3, 845.04686pt x 597.50786pt>
File: Graphs/ER-diagram.pdf Graphic file (type pdf)
<use Graphs/ER-diagram.pdf, page 3>
Package pdftex.def Info: Graphs/ER-diagram.pdf , page3 used on input line 64.
(pdftex.def)             Requested size: 597.53755pt x 422.50127pt.
File: Graphs/ER-diagram.pdf Graphic file (type pdf)
<use Graphs/ER-diagram.pdf, page 3>
Package pdftex.def Info: Graphs/ER-diagram.pdf , page3 used on input line 64.
(pdftex.def)             Requested size: 597.53755pt x 422.50127pt.


File: Graphs/ER-diagram.pdf Graphic file (type pdf)
<use Graphs/ER-diagram.pdf, page 3>
Package pdftex.def Info: Graphs/ER-diagram.pdf , page3 used on input line 64.
(pdftex.def)             Requested size: 597.53755pt x 422.50127pt.
[5

 <./Graphs/ER-diagram.pdf>]
<Graphs/ER-diagram.pdf, id=47, page=4, 845.04686pt x 597.50786pt>
File: Graphs/ER-diagram.pdf Graphic file (type pdf)
<use Graphs/ER-diagram.pdf, page 4>
Package pdftex.def Info: Graphs/ER-diagram.pdf , page4 used on input line 64.
(pdftex.def)             Requested size: 597.53755pt x 422.50127pt.
File: Graphs/ER-diagram.pdf Graphic file (type pdf)
<use Graphs/ER-diagram.pdf, page 4>
Package pdftex.def Info: Graphs/ER-diagram.pdf , page4 used on input line 64.
(pdftex.def)             Requested size: 597.53755pt x 422.50127pt.


File: Graphs/ER-diagram.pdf Graphic file (type pdf)
<use Graphs/ER-diagram.pdf, page 4>
Package pdftex.def Info: Graphs/ER-diagram.pdf , page4 used on input line 64.
(pdftex.def)             Requested size: 597.53755pt x 422.50127pt.
[6

 <./Graphs/ER-diagram.pdf>]
<Graphs/ER-diagram.pdf, id=52, page=5, 845.04686pt x 597.50786pt>
File: Graphs/ER-diagram.pdf Graphic file (type pdf)
<use Graphs/ER-diagram.pdf, page 5>
Package pdftex.def Info: Graphs/ER-diagram.pdf , page5 used on input line 64.
(pdftex.def)             Requested size: 597.53755pt x 422.50127pt.
File: Graphs/ER-diagram.pdf Graphic file (type pdf)
<use Graphs/ER-diagram.pdf, page 5>
Package pdftex.def Info: Graphs/ER-diagram.pdf , page5 used on input line 64.
(pdftex.def)             Requested size: 597.53755pt x 422.50127pt.


File: Graphs/ER-diagram.pdf Graphic file (type pdf)
<use Graphs/ER-diagram.pdf, page 5>
Package pdftex.def Info: Graphs/ER-diagram.pdf , page5 used on input line 64.
(pdftex.def)             Requested size: 597.53755pt x 422.50127pt.
[7

 <./Graphs/ER-diagram.pdf>]
<Graphs/ER-diagram.pdf, id=58, page=6, 845.04686pt x 597.50786pt>
File: Graphs/ER-diagram.pdf Graphic file (type pdf)
<use Graphs/ER-diagram.pdf, page 6>
Package pdftex.def Info: Graphs/ER-diagram.pdf , page6 used on input line 64.
(pdftex.def)             Requested size: 597.53755pt x 422.50127pt.
File: Graphs/ER-diagram.pdf Graphic file (type pdf)
<use Graphs/ER-diagram.pdf, page 6>
Package pdftex.def Info: Graphs/ER-diagram.pdf , page6 used on input line 64.
(pdftex.def)             Requested size: 597.53755pt x 422.50127pt.


File: Graphs/ER-diagram.pdf Graphic file (type pdf)
<use Graphs/ER-diagram.pdf, page 6>
Package pdftex.def Info: Graphs/ER-diagram.pdf , page6 used on input line 64.
(pdftex.def)             Requested size: 597.53755pt x 422.50127pt.
[8

 <./Graphs/ER-diagram.pdf>]
Overfull \hbox (2.48201pt too wide) in paragraph at lines 77--78
[]\OT1/cmtt/m/n/12 The system needs to keep a scan of every submission made by 
a student
 []


Overfull \hbox (27.18202pt too wide) in paragraph at lines 77--78
\OT1/cmtt/m/n/12 for an assessment task.A submission is handed in at a date and
 time which
 []


Overfull \hbox (21.00702pt too wide) in paragraph at lines 77--78
\OT1/cmtt/m/n/12 must be recorded, and it may have been awarded a mark by a sta
ff member. 
 []


Overfull \hbox (8.65701pt too wide) in paragraph at lines 81--82
[]\OT1/cmtt/m/n/12 The system needs to keep information for each student, inclu
ding their
 []


Overfull \hbox (58.05704pt too wide) in paragraph at lines 81--82
\OT1/cmtt/m/n/12 studentkey (an identifier such as JS2X57), surname, given name
, year-of-entry,
 []


Overfull \hbox (27.18202pt too wide) in paragraph at lines 83--84
\OT1/cmtt/m/n/12 studentkey, surname, given name, year-of-entry, major(s), offi
cial email,
 []


Overfull \hbox (8.65701pt too wide) in paragraph at lines 87--88
[]\OT1/cmtt/m/n/12 Staff members are identified by staffId, and have surname, g
iven name,
 []


Overfull \hbox (5.39pt too wide) in paragraph at lines 89--90
\OT1/cmr/m/n/12 tributes in-clud-ing \OT1/cmtt/m/n/12 surname, given name, titl
e, department, official email\OT1/cmr/m/n/12 ,
 []


Overfull \hbox (8.65701pt too wide) in paragraph at lines 93--94
[]\OT1/cmtt/m/n/12 Each assessment task occurs for an offering of a subject [fo
r example,
 []


Overfull \hbox (21.00702pt too wide) in paragraph at lines 93--94
\OT1/cmtt/m/n/12 the offering of the subject Traditional Philosophy in sem1 of 
2024], and
 []


Overfull \hbox (21.00702pt too wide) in paragraph at lines 93--94
\OT1/cmtt/m/n/12 the assessment task has a name (eg \Assignment 1"), a weight t
owards the
 []


Overfull \hbox (39.53203pt too wide) in paragraph at lines 93--94
\OT1/cmtt/m/n/12 grade in the offering, a kind (such as Essay, Quiz, ProblemSet
, FinalExam),
 []



[9]
Overfull \hbox (14.83202pt too wide) in paragraph at lines 101--102
[]\OT1/cmtt/m/n/12 Some assessment tasks are non-repeatable; this means that a 
student may
 []


Overfull \hbox (33.35703pt too wide) in paragraph at lines 101--102
\OT1/cmtt/m/n/12 not submit for this more than once, and in that case, there is
 a mechanism
 []


Overfull \hbox (2.48201pt too wide) in paragraph at lines 101--102
\OT1/cmtt/m/n/12 for the student to request an exemption for illness (the syste
m needs
 []


Overfull \hbox (8.65701pt too wide) in paragraph at lines 101--102
\OT1/cmtt/m/n/12 to track the text of the request, the date it was made, and wh
ether or
 []


Overfull \hbox (76.58205pt too wide) in paragraph at lines 101--102
\OT1/cmtt/m/n/12 not this was approved). For an assessment which does allow mul
tiple submissions,
 []


Overfull \hbox (8.65701pt too wide) in paragraph at lines 101--102
\OT1/cmtt/m/n/12 we need to keep information on a policy which decides how to c
alculate
 []


Overfull \hbox (21.00702pt too wide) in paragraph at lines 101--102
\OT1/cmtt/m/n/12 the overall score the student gets (for example, it may be tha
t only the
 []


Overfull \hbox (8.65701pt too wide) in paragraph at lines 101--102
\OT1/cmtt/m/n/12 latest submission is marked, or that each submission is marked
 and the
 []


Overfull \hbox (45.70703pt too wide) in paragraph at lines 101--102
\OT1/cmtt/m/n/12 highest mark is used, or maybe the latest submission is marked
 but a penalty
 []


Overfull \hbox (9.52036pt too wide) in paragraph at lines 103--104
\OT1/cmr/m/n/12 re-peat-able and non-repeatable, each with dif-fer-ent at-tribu
tes that need to be recorded.
 []



[10]
Overfull \hbox (2.48201pt too wide) in paragraph at lines 112--113
[]\OT1/cmtt/m/n/12 For a subject, we need to know its name, the credit-hours it
 carries,
 []


Overfull \hbox (21.00702pt too wide) in paragraph at lines 112--113
\OT1/cmtt/m/n/12 the major(s) it counts towards [if any], and whether or not st
udents are
 []


Overfull \hbox (21.00702pt too wide) in paragraph at lines 116--117
[]\OT1/cmtt/m/n/12 The same subject may be taught over several offerings and th
e assessment
 []


Overfull \hbox (8.65701pt too wide) in paragraph at lines 116--117
\OT1/cmtt/m/n/12 tasks will be different between these offerings (though they m
ay share
 []


Overfull \hbox (8.65701pt too wide) in paragraph at lines 122--123
[]\OT1/cmtt/m/n/12 Each offering is taught by a staff member as coordinator, an
d possibly
 []



[11]
Overfull \hbox (8.65701pt too wide) in paragraph at lines 134--135
[]\OT1/cmtt/m/n/12 The staff are each members of a department, and every subjec
t is under
 []


Overfull \hbox (21.00702pt too wide) in paragraph at lines 145--146
[]\OT1/cmtt/m/n/12 A department may be responsible for a major (and indeed, som
e majors may
 []


Overfull \hbox (27.18202pt too wide) in paragraph at lines 145--146
\OT1/cmtt/m/n/12 be shared between departments, eg \Greek History" major is sha
red between
 []



[12]

[13]

[14]
Overfull \hbox (3.97801pt too wide) in paragraph at lines 202--209
 [][] 
 []



[15]

[16] (main.aux)
 ***********
LaTeX2e <2024-06-01> patch level 2
L3 programming layer <2024-08-16>
 ***********
Package rerunfilecheck Info: File `main.out' has not changed.
(rerunfilecheck)             Checksum: D41D8CD98F00B204E9800998ECF8427E;0.
 ) 
Here is how much of TeX's memory you used:
 11451 strings out of 473899
 185331 string characters out of 5715680
 1935957 words of memory out of 5000000
 34152 multiletter control sequences out of 15000+600000
 563176 words of font info for 53 fonts, out of 8000000 for 9000
 1141 hyphenation exceptions out of 8191
 75i,17n,79p,1039b,655s stack positions out of 10000i,1000n,20000p,200000b,200000s
 </Users/bamingyuan/Library/Application Support/MiKTeX/texmfs/data/fonts/pk/l
jfour/jknappen/ec/dpi600/tcrm1200.pk></Users/bamingyuan/Library/Application Sup
port/MiKTeX/texmfs/install/fonts/type1/public/amsfonts/cm/cmbx12.pfb></Users/ba
mingyuan/Library/Application Support/MiKTeX/texmfs/install/fonts/type1/public/a
msfonts/cm/cmr12.pfb></Users/bamingyuan/Library/Application Support/MiKTeX/texm
fs/install/fonts/type1/public/amsfonts/cm/cmti12.pfb></Users/bamingyuan/Library
/Application Support/MiKTeX/texmfs/install/fonts/type1/public/amsfonts/cm/cmtt1
2.pfb>
Output written on main.pdf (16 pages, 124013 bytes).
PDF statistics:
 143 PDF objects out of 1000 (max. 8388607)
 35 named destinations out of 1000 (max. 500000)
 46 words of extra memory for PDF output out of 10000 (max. 10000000)

