This is pdfTeX, Version 3.141592653-2.6-1.40.24 (MiKTeX 22.1) (preloaded format=pdflatex 2024.9.13)  15 SEP 2024 03:51
entering extended mode
 restricted \write18 enabled.
 %&-line parsing enabled.
**./group.tex
(group.tex
LaTeX2e <2024-06-01> patch level 2
L3 programming layer <2024-08-16>

(/Users/bamingyuan/Library/Application Support/MiKTeX/texmfs/install/tex/latex/
base/article.cls
Document Class: article 2024/02/08 v1.4n Standard LaTeX document class

(/Users/bamingyuan/Library/Application Support/MiKTeX/texmfs/install/tex/latex/
base/size12.clo
File: size12.clo 2024/02/08 v1.4n Standard LaTeX file (size option)
)
\c@part=\count194
\c@section=\count195
\c@subsection=\count196
\c@subsubsection=\count197
\c@paragraph=\count198
\c@subparagraph=\count199
\c@figure=\count266
\c@table=\count267
\abovecaptionskip=\skip49
\belowcaptionskip=\skip50
\bibindent=\dimen141
)
(/Users/bamingyuan/Library/Application Support/MiKTeX/texmfs/install/tex/latex/
base/inputenc.sty
Package: inputenc 2024/02/08 v1.3d Input encoding file
\inpenc@prehook=\toks17
\inpenc@posthook=\toks18
)
(/Users/bamingyuan/Library/Application Support/MiKTeX/texmfs/install/tex/latex/
geometry/geometry.sty
Package: geometry 2020/01/02 v5.9 Page Geometry

(/Users/bamingyuan/Library/Application Support/MiKTeX/texmfs/install/tex/latex/
graphics/keyval.sty
Package: keyval 2022/05/29 v1.15 key=value parser (DPC)
\KV@toks@=\toks19
)
(/Users/bamingyuan/Library/Application Support/MiKTeX/texmfs/install/tex/generi
c/iftex/ifvtex.sty
Package: ifvtex 2019/10/25 v1.7 ifvtex legacy package. Use iftex instead.

(/Users/bamingyuan/Library/Application Support/MiKTeX/texmfs/install/tex/generi
c/iftex/iftex.sty
Package: iftex 2022/02/03 v1.0f TeX engine tests
))
\Gm@cnth=\count268
\Gm@cntv=\count269
\c@Gm@tempcnt=\count270
\Gm@bindingoffset=\dimen142
\Gm@wd@mp=\dimen143
\Gm@odd@mp=\dimen144
\Gm@even@mp=\dimen145
\Gm@layoutwidth=\dimen146
\Gm@layoutheight=\dimen147
\Gm@layouthoffset=\dimen148
\Gm@layoutvoffset=\dimen149
\Gm@dimlist=\toks20

(/Users/bamingyuan/Library/Application Support/MiKTeX/texmfs/install/tex/latex/
geometry/geometry.cfg))
(/Users/bamingyuan/Library/Application Support/MiKTeX/texmfs/install/tex/latex/
pdfpages/pdfpages.sty
Package: pdfpages 2024/05/29 v0.6a Insert pages of external PDF documents (AM)

(/Users/bamingyuan/Library/Application Support/MiKTeX/texmfs/install/tex/latex/
base/ifthen.sty
Package: ifthen 2024/03/16 v1.1e Standard LaTeX ifthen package (DPC)
)
(/Users/bamingyuan/Library/Application Support/MiKTeX/texmfs/install/tex/latex/
tools/calc.sty
Package: calc 2023/07/08 v4.3 Infix arithmetic (KKT,FJ)
\calc@Acount=\count271
\calc@Bcount=\count272
\calc@Adimen=\dimen150
\calc@Bdimen=\dimen151
\calc@Askip=\skip51
\calc@Bskip=\skip52
LaTeX Info: Redefining \setlength on input line 80.
LaTeX Info: Redefining \addtolength on input line 81.
\calc@Ccount=\count273
\calc@Cskip=\skip53
)
(/Users/bamingyuan/Library/Application Support/MiKTeX/texmfs/install/tex/latex/
eso-pic/eso-pic.sty
Package: eso-pic 2023/05/03 v3.0c eso-pic (RN)
\ESO@tempdima=\dimen152
\ESO@tempdimb=\dimen153

(/Users/bamingyuan/Library/Application Support/MiKTeX/texmfs/install/tex/latex/
xcolor/xcolor.sty
Package: xcolor 2023/11/15 v3.01 LaTeX color extensions (UK)

(/Users/bamingyuan/Library/Application Support/MiKTeX/texmfs/install/tex/latex/
graphics-cfg/color.cfg
File: color.cfg 2016/01/02 v1.6 sample color configuration
)
Package xcolor Info: Driver file: pdftex.def on input line 274.

(/Users/bamingyuan/Library/Application Support/MiKTeX/texmfs/install/tex/latex/
graphics-def/pdftex.def
File: pdftex.def 2024/04/13 v1.2c Graphics/color driver for pdftex
)
(/Users/bamingyuan/Library/Application Support/MiKTeX/texmfs/install/tex/latex/
graphics/mathcolor.ltx)
Package xcolor Info: Model `cmy' substituted by `cmy0' on input line 1350.
Package xcolor Info: Model `hsb' substituted by `rgb' on input line 1354.
Package xcolor Info: Model `RGB' extended on input line 1366.
Package xcolor Info: Model `HTML' substituted by `rgb' on input line 1368.
Package xcolor Info: Model `Hsb' substituted by `hsb' on input line 1369.
Package xcolor Info: Model `tHsb' substituted by `hsb' on input line 1370.
Package xcolor Info: Model `HSB' substituted by `hsb' on input line 1371.
Package xcolor Info: Model `Gray' substituted by `gray' on input line 1372.
Package xcolor Info: Model `wave' substituted by `hsb' on input line 1373.
))
(/Users/bamingyuan/Library/Application Support/MiKTeX/texmfs/install/tex/latex/
graphics/graphicx.sty
Package: graphicx 2021/09/16 v1.2d Enhanced LaTeX Graphics (DPC,SPQR)

(/Users/bamingyuan/Library/Application Support/MiKTeX/texmfs/install/tex/latex/
graphics/graphics.sty
Package: graphics 2024/05/23 v1.4g Standard LaTeX Graphics (DPC,SPQR)

(/Users/bamingyuan/Library/Application Support/MiKTeX/texmfs/install/tex/latex/
graphics/trig.sty
Package: trig 2023/12/02 v1.11 sin cos tan (DPC)
)
(/Users/bamingyuan/Library/Application Support/MiKTeX/texmfs/install/tex/latex/
graphics-cfg/graphics.cfg
File: graphics.cfg 2016/06/04 v1.11 sample graphics configuration
)
Package graphics Info: Driver file: pdftex.def on input line 106.
)
\Gin@req@height=\dimen154
\Gin@req@width=\dimen155
)
\AM@pagewidth=\dimen156
\AM@pageheight=\dimen157
\AM@fboxrule=\dimen158

(/Users/bamingyuan/Library/Application Support/MiKTeX/texmfs/install/tex/latex/
pdfpages/pppdftex.def
File: pppdftex.def 2024/05/29 v0.6a Pdfpages driver for pdfTeX (AM)
)
\pdfpages@includegraphics@status=\count274
\AM@pagebox=\box52
\AM@global@opts=\toks21
\AM@pagecnt=\count275
\AM@toc@title=\toks22
\AM@lof@heading=\toks23
\c@AM@survey=\count276
\AM@templatesizebox=\box53
)
(/Users/bamingyuan/Library/Application Support/MiKTeX/texmfs/install/tex/latex/
fbox/fbox.sty
Package: fbox 2023/12/04 v. 0.07 allow parts of the frame (hv)

(/Users/bamingyuan/Library/Application Support/MiKTeX/texmfs/install/tex/latex/
xkeyval/xkeyval.sty
Package: xkeyval 2022/06/16 v2.9 package option processing (HA)

(/Users/bamingyuan/Library/Application Support/MiKTeX/texmfs/install/tex/generi
c/xkeyval/xkeyval.tex
(/Users/bamingyuan/Library/Application Support/MiKTeX/texmfs/install/tex/generi
c/xkeyval/xkvutils.tex
\XKV@toks=\toks24
\XKV@tempa@toks=\toks25
)
\XKV@depth=\count277
File: xkeyval.tex 2014/12/03 v2.7a key=value parser (HA)
))
\fbox@@rule=\skip54
\fbox@@sep=\skip55
\fbox@@linewidth=\skip56
\fpar@b@x=\box54
)
(/Users/bamingyuan/Library/Application Support/MiKTeX/texmfs/install/tex/latex/
l3backend/l3backend-pdftex.def
File: l3backend-pdftex.def 2024-05-08 L3 backend support: PDF output (pdfTeX)
\l__color_backend_stack_int=\count278
\l__pdf_internal_box=\box55
) (group.aux)
\openout1 = `group.aux'.

LaTeX Font Info:    Checking defaults for OML/cmm/m/it on input line 8.
LaTeX Font Info:    ... okay on input line 8.
LaTeX Font Info:    Checking defaults for OMS/cmsy/m/n on input line 8.
LaTeX Font Info:    ... okay on input line 8.
LaTeX Font Info:    Checking defaults for OT1/cmr/m/n on input line 8.
LaTeX Font Info:    ... okay on input line 8.
LaTeX Font Info:    Checking defaults for T1/cmr/m/n on input line 8.
LaTeX Font Info:    ... okay on input line 8.
LaTeX Font Info:    Checking defaults for TS1/cmr/m/n on input line 8.
LaTeX Font Info:    ... okay on input line 8.
LaTeX Font Info:    Checking defaults for OMX/cmex/m/n on input line 8.
LaTeX Font Info:    ... okay on input line 8.
LaTeX Font Info:    Checking defaults for U/cmr/m/n on input line 8.
LaTeX Font Info:    ... okay on input line 8.

*geometry* driver: auto-detecting
*geometry* detected driver: pdftex
*geometry* verbose mode - [ preamble ] result:
* driver: pdftex
* paper: a4paper
* layout: <same size as paper>
* layoutoffset:(h,v)=(0.0pt,0.0pt)
* modes: 
* h-part:(L,W,R)=(72.26999pt, 452.9679pt, 72.26999pt)
* v-part:(T,H,B)=(72.26999pt, 700.50687pt, 72.26999pt)
* \paperwidth=597.50787pt
* \paperheight=845.04684pt
* \textwidth=452.9679pt
* \textheight=700.50687pt
* \oddsidemargin=0.0pt
* \evensidemargin=0.0pt
* \topmargin=-37.0pt
* \headheight=12.0pt
* \headsep=25.0pt
* \topskip=12.0pt
* \footskip=30.0pt
* \marginparwidth=44.0pt
* \marginparsep=10.0pt
* \columnsep=10.0pt
* \skip\footins=10.8pt plus 4.0pt minus 2.0pt
* \hoffset=0.0pt
* \voffset=0.0pt
* \mag=1000
* \@twocolumnfalse
* \@twosidefalse
* \@mparswitchfalse
* \@reversemarginfalse
* (1in=72.27pt=25.4mm, 1cm=28.453pt)


(/Users/bamingyuan/Library/Application Support/MiKTeX/texmfs/install/tex/contex
t/base/mkii/supp-pdf.mkii
[Loading MPS to PDF converter (version 2006.09.02).]
\scratchcounter=\count279
\scratchdimen=\dimen159
\scratchbox=\box56
\nofMPsegments=\count280
\nofMParguments=\count281
\everyMPshowfont=\toks26
\MPscratchCnt=\count282
\MPscratchDim=\dimen160
\MPnumerator=\count283
\makeMPintoPDFobject=\count284
\everyMPtoPDFconversion=\toks27
)
(/Users/bamingyuan/Library/Application Support/MiKTeX/texmfs/install/tex/latex/
epstopdf-pkg/epstopdf-base.sty
Package: epstopdf-base 2020-01-24 v2.11 Base part for package epstopdf
Package epstopdf-base Info: Redefining graphics rule for `.eps' on input line 4
85.

(/Users/bamingyuan/Library/Application Support/MiKTeX/texmfs/install/tex/latex/
00miktex/epstopdf-sys.cfg
File: epstopdf-sys.cfg 2021/03/18 v2.0 Configuration of epstopdf for MiKTeX
))
(/Users/bamingyuan/Library/Application Support/MiKTeX/texmfs/install/tex/latex/
pdflscape/pdflscape.sty
Package: pdflscape 2022-10-27 v0.13 Display of landscape pages in PDF

(/Users/bamingyuan/Library/Application Support/MiKTeX/texmfs/install/tex/latex/
pdflscape/pdflscape-nometadata.sty
Package: pdflscape-nometadata 2022-10-28 v0.13 Display of landscape pages in PD
F (HO)

(/Users/bamingyuan/Library/Application Support/MiKTeX/texmfs/install/tex/latex/
graphics/lscape.sty
Package: lscape 2020/05/28 v3.02 Landscape Pages (DPC)
)
Package pdflscape Info: Auto-detected driver: pdftex on input line 81.
))
LaTeX Font Info:    External font `cmex10' loaded for size
(Font)              <20.74> on input line 27.
LaTeX Font Info:    External font `cmex10' loaded for size
(Font)              <14.4> on input line 27.
LaTeX Font Info:    External font `cmex10' loaded for size
(Font)              <12> on input line 27.


[1

{/Users/bamingyuan/Library/Application Support/MiKTeX/texmfs/data/fonts/map/pdf
tex/pdftex.map}]
<graphs/ER-diagram.pdf, id=9, 845.04686pt x 597.50786pt>
File: graphs/ER-diagram.pdf Graphic file (type pdf)
<use graphs/ER-diagram.pdf>
Package pdftex.def Info: graphs/ER-diagram.pdf  used on input line 46.
(pdftex.def)             Requested size: 845.0448pt x 597.5064pt.
File: graphs/ER-diagram.pdf Graphic file (type pdf)
<use graphs/ER-diagram.pdf>
Package pdftex.def Info: graphs/ER-diagram.pdf  used on input line 46.
(pdftex.def)             Requested size: 845.0448pt x 597.5064pt.
<graphs/ER-diagram.pdf, id=12, page=1, 845.04686pt x 597.50786pt>
File: graphs/ER-diagram.pdf Graphic file (type pdf)
<use graphs/ER-diagram.pdf, page 1>
Package pdftex.def Info: graphs/ER-diagram.pdf , page1 used on input line 46.
(pdftex.def)             Requested size: 845.0448pt x 597.5064pt.
File: graphs/ER-diagram.pdf Graphic file (type pdf)
<use graphs/ER-diagram.pdf, page 1>
Package pdftex.def Info: graphs/ER-diagram.pdf , page1 used on input line 46.
(pdftex.def)             Requested size: 597.53755pt x 422.50127pt.


[2]
File: graphs/ER-diagram.pdf Graphic file (type pdf)
<use graphs/ER-diagram.pdf, page 1>
Package pdftex.def Info: graphs/ER-diagram.pdf , page1 used on input line 46.
(pdftex.def)             Requested size: 597.53755pt x 422.50127pt.
File: graphs/ER-diagram.pdf Graphic file (type pdf)
<use graphs/ER-diagram.pdf, page 1>
Package pdftex.def Info: graphs/ER-diagram.pdf , page1 used on input line 46.
(pdftex.def)             Requested size: 597.53755pt x 422.50127pt.


File: graphs/ER-diagram.pdf Graphic file (type pdf)
<use graphs/ER-diagram.pdf, page 1>
Package pdftex.def Info: graphs/ER-diagram.pdf , page1 used on input line 46.
(pdftex.def)             Requested size: 597.53755pt x 422.50127pt.
[3

 <./graphs/ER-diagram.pdf>]
<graphs/ER-diagram.pdf, id=28, page=2, 845.04686pt x 597.50786pt>
File: graphs/ER-diagram.pdf Graphic file (type pdf)
<use graphs/ER-diagram.pdf, page 2>
Package pdftex.def Info: graphs/ER-diagram.pdf , page2 used on input line 46.
(pdftex.def)             Requested size: 597.53755pt x 422.50127pt.
File: graphs/ER-diagram.pdf Graphic file (type pdf)
<use graphs/ER-diagram.pdf, page 2>
Package pdftex.def Info: graphs/ER-diagram.pdf , page2 used on input line 46.
(pdftex.def)             Requested size: 597.53755pt x 422.50127pt.


File: graphs/ER-diagram.pdf Graphic file (type pdf)
<use graphs/ER-diagram.pdf, page 2>
Package pdftex.def Info: graphs/ER-diagram.pdf , page2 used on input line 46.
(pdftex.def)             Requested size: 597.53755pt x 422.50127pt.
[4

 <./graphs/ER-diagram.pdf>]
<graphs/ER-diagram.pdf, id=32, page=3, 845.04686pt x 597.50786pt>
File: graphs/ER-diagram.pdf Graphic file (type pdf)
<use graphs/ER-diagram.pdf, page 3>
Package pdftex.def Info: graphs/ER-diagram.pdf , page3 used on input line 46.
(pdftex.def)             Requested size: 597.53755pt x 422.50127pt.
File: graphs/ER-diagram.pdf Graphic file (type pdf)
<use graphs/ER-diagram.pdf, page 3>
Package pdftex.def Info: graphs/ER-diagram.pdf , page3 used on input line 46.
(pdftex.def)             Requested size: 597.53755pt x 422.50127pt.


File: graphs/ER-diagram.pdf Graphic file (type pdf)
<use graphs/ER-diagram.pdf, page 3>
Package pdftex.def Info: graphs/ER-diagram.pdf , page3 used on input line 46.
(pdftex.def)             Requested size: 597.53755pt x 422.50127pt.
[5

 <./graphs/ER-diagram.pdf>]
<graphs/ER-diagram.pdf, id=36, page=4, 845.04686pt x 597.50786pt>
File: graphs/ER-diagram.pdf Graphic file (type pdf)
<use graphs/ER-diagram.pdf, page 4>
Package pdftex.def Info: graphs/ER-diagram.pdf , page4 used on input line 46.
(pdftex.def)             Requested size: 597.53755pt x 422.50127pt.
File: graphs/ER-diagram.pdf Graphic file (type pdf)
<use graphs/ER-diagram.pdf, page 4>
Package pdftex.def Info: graphs/ER-diagram.pdf , page4 used on input line 46.
(pdftex.def)             Requested size: 597.53755pt x 422.50127pt.


File: graphs/ER-diagram.pdf Graphic file (type pdf)
<use graphs/ER-diagram.pdf, page 4>
Package pdftex.def Info: graphs/ER-diagram.pdf , page4 used on input line 46.
(pdftex.def)             Requested size: 597.53755pt x 422.50127pt.
[6

 <./graphs/ER-diagram.pdf>]
<graphs/ER-diagram.pdf, id=40, page=5, 845.04686pt x 597.50786pt>
File: graphs/ER-diagram.pdf Graphic file (type pdf)
<use graphs/ER-diagram.pdf, page 5>
Package pdftex.def Info: graphs/ER-diagram.pdf , page5 used on input line 46.
(pdftex.def)             Requested size: 597.53755pt x 422.50127pt.
File: graphs/ER-diagram.pdf Graphic file (type pdf)
<use graphs/ER-diagram.pdf, page 5>
Package pdftex.def Info: graphs/ER-diagram.pdf , page5 used on input line 46.
(pdftex.def)             Requested size: 597.53755pt x 422.50127pt.


File: graphs/ER-diagram.pdf Graphic file (type pdf)
<use graphs/ER-diagram.pdf, page 5>
Package pdftex.def Info: graphs/ER-diagram.pdf , page5 used on input line 46.
(pdftex.def)             Requested size: 597.53755pt x 422.50127pt.
[7

 <./graphs/ER-diagram.pdf>]
<graphs/ER-diagram.pdf, id=45, page=6, 845.04686pt x 597.50786pt>
File: graphs/ER-diagram.pdf Graphic file (type pdf)
<use graphs/ER-diagram.pdf, page 6>
Package pdftex.def Info: graphs/ER-diagram.pdf , page6 used on input line 46.
(pdftex.def)             Requested size: 597.53755pt x 422.50127pt.
File: graphs/ER-diagram.pdf Graphic file (type pdf)
<use graphs/ER-diagram.pdf, page 6>
Package pdftex.def Info: graphs/ER-diagram.pdf , page6 used on input line 46.
(pdftex.def)             Requested size: 597.53755pt x 422.50127pt.


File: graphs/ER-diagram.pdf Graphic file (type pdf)
<use graphs/ER-diagram.pdf, page 6>
Package pdftex.def Info: graphs/ER-diagram.pdf , page6 used on input line 46.
(pdftex.def)             Requested size: 597.53755pt x 422.50127pt.
[8

 <./graphs/ER-diagram.pdf>]
LaTeX Font Info:    Font shape `OT1/cmtt/bx/n' in size <12> not available
(Font)              Font shape `OT1/cmtt/m/n' tried instead on input line 53.


[9]

[10]
Overfull \hbox (1.92578pt too wide) in paragraph at lines 106--107
\OT1/cmr/m/n/12 in the database and store in-for-ma-tion ef-fi-ciently. For ex-
am-ple, only \OT1/cmtt/m/n/12 Non-Repeatable
 []


Overfull \hbox (54.38472pt too wide) in paragraph at lines 113--114
[]\OT1/cmr/m/n/12 In the cur-rent de-sign, ex-emp-tion is mod-eled as a many-to
-many re-la-tion-ship: \OT1/cmtt/m/n/12 ApplyExemption\OT1/cmr/m/n/12 .
 []



[11] (group.aux)
 ***********
LaTeX2e <2024-06-01> patch level 2
L3 programming layer <2024-08-16>
 ***********
 ) 
Here is how much of TeX's memory you used:
 3558 strings out of 473899
 61190 string characters out of 5715680
 1934957 words of memory out of 5000000
 26403 multiletter control sequences out of 15000+600000
 563011 words of font info for 53 fonts, out of 8000000 for 9000
 1141 hyphenation exceptions out of 8191
 72i,17n,79p,624b,528s stack positions out of 10000i,1000n,20000p,200000b,200000s
 </Users/bamingyuan/Library/Application Support/MiKTeX/texmfs/data/fonts/pk/l
jfour/jknappen/ec/dpi600/tcrm1200.pk></Users/bamingyuan/Library/Application Sup
port/MiKTeX/texmfs/install/fonts/type1/public/amsfonts/cm/cmbx12.pfb></Users/ba
mingyuan/Library/Application Support/MiKTeX/texmfs/install/fonts/type1/public/a
msfonts/cm/cmr12.pfb></Users/bamingyuan/Library/Application Support/MiKTeX/texm
fs/install/fonts/type1/public/amsfonts/cm/cmr17.pfb></Users/bamingyuan/Library/
Application Support/MiKTeX/texmfs/install/fonts/type1/public/amsfonts/cm/cmtt12
.pfb>
Output written on group.pdf (11 pages, 104975 bytes).
PDF statistics:
 81 PDF objects out of 1000 (max. 8388607)
 0 named destinations out of 1000 (max. 500000)
 46 words of extra memory for PDF output out of 10000 (max. 10000000)

